
Terraform used the selected providers to generate the following execution
plan. Resource actions are indicated with the following symbols:
  [32m+[0m create[0m

Terraform will perform the following actions:

[1m  # aws_ecr_lifecycle_policy.microservices["notification-service"][0m will be created
[0m  [32m+[0m[0m resource "aws_ecr_lifecycle_policy" "microservices" {
      [32m+[0m[0m id          = (known after apply)
      [32m+[0m[0m policy      = jsonencode(
            {
              [32m+[0m[0m rules = [
                  [32m+[0m[0m {
                      [32m+[0m[0m action       = {
                          [32m+[0m[0m type = "expire"
                        }
                      [32m+[0m[0m description  = "Keep last 10 images"
                      [32m+[0m[0m rulePriority = 1
                      [32m+[0m[0m selection    = {
                          [32m+[0m[0m countNumber   = 10
                          [32m+[0m[0m countType     = "imageCountMoreThan"
                          [32m+[0m[0m tagPrefixList = [
                              [32m+[0m[0m "v",
                            ]
                          [32m+[0m[0m tagStatus     = "tagged"
                        }
                    },
                  [32m+[0m[0m {
                      [32m+[0m[0m action       = {
                          [32m+[0m[0m type = "expire"
                        }
                      [32m+[0m[0m description  = "Remove untagged images after 7 days"
                      [32m+[0m[0m rulePriority = 2
                      [32m+[0m[0m selection    = {
                          [32m+[0m[0m countNumber = 7
                          [32m+[0m[0m countType   = "sinceImagePushed"
                          [32m+[0m[0m countUnit   = "days"
                          [32m+[0m[0m tagStatus   = "untagged"
                        }
                    },
                ]
            }
        )
      [32m+[0m[0m registry_id = (known after apply)
      [32m+[0m[0m repository  = "infraforge-dev/notification-service"
    }

[1m  # aws_ecr_lifecycle_policy.microservices["order-service"][0m will be created
[0m  [32m+[0m[0m resource "aws_ecr_lifecycle_policy" "microservices" {
      [32m+[0m[0m id          = (known after apply)
      [32m+[0m[0m policy      = jsonencode(
            {
              [32m+[0m[0m rules = [
                  [32m+[0m[0m {
                      [32m+[0m[0m action       = {
                          [32m+[0m[0m type = "expire"
                        }
                      [32m+[0m[0m description  = "Keep last 10 images"
                      [32m+[0m[0m rulePriority = 1
                      [32m+[0m[0m selection    = {
                          [32m+[0m[0m countNumber   = 10
                          [32m+[0m[0m countType     = "imageCountMoreThan"
                          [32m+[0m[0m tagPrefixList = [
                              [32m+[0m[0m "v",
                            ]
                          [32m+[0m[0m tagStatus     = "tagged"
                        }
                    },
                  [32m+[0m[0m {
                      [32m+[0m[0m action       = {
                          [32m+[0m[0m type = "expire"
                        }
                      [32m+[0m[0m description  = "Remove untagged images after 7 days"
                      [32m+[0m[0m rulePriority = 2
                      [32m+[0m[0m selection    = {
                          [32m+[0m[0m countNumber = 7
                          [32m+[0m[0m countType   = "sinceImagePushed"
                          [32m+[0m[0m countUnit   = "days"
                          [32m+[0m[0m tagStatus   = "untagged"
                        }
                    },
                ]
            }
        )
      [32m+[0m[0m registry_id = (known after apply)
      [32m+[0m[0m repository  = "infraforge-dev/order-service"
    }

[1m  # aws_ecr_lifecycle_policy.microservices["payment-service"][0m will be created
[0m  [32m+[0m[0m resource "aws_ecr_lifecycle_policy" "microservices" {
      [32m+[0m[0m id          = (known after apply)
      [32m+[0m[0m policy      = jsonencode(
            {
              [32m+[0m[0m rules = [
                  [32m+[0m[0m {
                      [32m+[0m[0m action       = {
                          [32m+[0m[0m type = "expire"
                        }
                      [32m+[0m[0m description  = "Keep last 10 images"
                      [32m+[0m[0m rulePriority = 1
                      [32m+[0m[0m selection    = {
                          [32m+[0m[0m countNumber   = 10
                          [32m+[0m[0m countType     = "imageCountMoreThan"
                          [32m+[0m[0m tagPrefixList = [
                              [32m+[0m[0m "v",
                            ]
                          [32m+[0m[0m tagStatus     = "tagged"
                        }
                    },
                  [32m+[0m[0m {
                      [32m+[0m[0m action       = {
                          [32m+[0m[0m type = "expire"
                        }
                      [32m+[0m[0m description  = "Remove untagged images after 7 days"
                      [32m+[0m[0m rulePriority = 2
                      [32m+[0m[0m selection    = {
                          [32m+[0m[0m countNumber = 7
                          [32m+[0m[0m countType   = "sinceImagePushed"
                          [32m+[0m[0m countUnit   = "days"
                          [32m+[0m[0m tagStatus   = "untagged"
                        }
                    },
                ]
            }
        )
      [32m+[0m[0m registry_id = (known after apply)
      [32m+[0m[0m repository  = "infraforge-dev/payment-service"
    }

[1m  # aws_ecr_lifecycle_policy.microservices["product-service"][0m will be created
[0m  [32m+[0m[0m resource "aws_ecr_lifecycle_policy" "microservices" {
      [32m+[0m[0m id          = (known after apply)
      [32m+[0m[0m policy      = jsonencode(
            {
              [32m+[0m[0m rules = [
                  [32m+[0m[0m {
                      [32m+[0m[0m action       = {
                          [32m+[0m[0m type = "expire"
                        }
                      [32m+[0m[0m description  = "Keep last 10 images"
                      [32m+[0m[0m rulePriority = 1
                      [32m+[0m[0m selection    = {
                          [32m+[0m[0m countNumber   = 10
                          [32m+[0m[0m countType     = "imageCountMoreThan"
                          [32m+[0m[0m tagPrefixList = [
                              [32m+[0m[0m "v",
                            ]
                          [32m+[0m[0m tagStatus     = "tagged"
                        }
                    },
                  [32m+[0m[0m {
                      [32m+[0m[0m action       = {
                          [32m+[0m[0m type = "expire"
                        }
                      [32m+[0m[0m description  = "Remove untagged images after 7 days"
                      [32m+[0m[0m rulePriority = 2
                      [32m+[0m[0m selection    = {
                          [32m+[0m[0m countNumber = 7
                          [32m+[0m[0m countType   = "sinceImagePushed"
                          [32m+[0m[0m countUnit   = "days"
                          [32m+[0m[0m tagStatus   = "untagged"
                        }
                    },
                ]
            }
        )
      [32m+[0m[0m registry_id = (known after apply)
      [32m+[0m[0m repository  = "infraforge-dev/product-service"
    }

[1m  # aws_ecr_lifecycle_policy.microservices["user-service"][0m will be created
[0m  [32m+[0m[0m resource "aws_ecr_lifecycle_policy" "microservices" {
      [32m+[0m[0m id          = (known after apply)
      [32m+[0m[0m policy      = jsonencode(
            {
              [32m+[0m[0m rules = [
                  [32m+[0m[0m {
                      [32m+[0m[0m action       = {
                          [32m+[0m[0m type = "expire"
                        }
                      [32m+[0m[0m description  = "Keep last 10 images"
                      [32m+[0m[0m rulePriority = 1
                      [32m+[0m[0m selection    = {
                          [32m+[0m[0m countNumber   = 10
                          [32m+[0m[0m countType     = "imageCountMoreThan"
                          [32m+[0m[0m tagPrefixList = [
                              [32m+[0m[0m "v",
                            ]
                          [32m+[0m[0m tagStatus     = "tagged"
                        }
                    },
                  [32m+[0m[0m {
                      [32m+[0m[0m action       = {
                          [32m+[0m[0m type = "expire"
                        }
                      [32m+[0m[0m description  = "Remove untagged images after 7 days"
                      [32m+[0m[0m rulePriority = 2
                      [32m+[0m[0m selection    = {
                          [32m+[0m[0m countNumber = 7
                          [32m+[0m[0m countType   = "sinceImagePushed"
                          [32m+[0m[0m countUnit   = "days"
                          [32m+[0m[0m tagStatus   = "untagged"
                        }
                    },
                ]
            }
        )
      [32m+[0m[0m registry_id = (known after apply)
      [32m+[0m[0m repository  = "infraforge-dev/user-service"
    }

[1m  # aws_ecr_repository.microservices["notification-service"][0m will be created
[0m  [32m+[0m[0m resource "aws_ecr_repository" "microservices" {
      [32m+[0m[0m arn                  = (known after apply)
      [32m+[0m[0m id                   = (known after apply)
      [32m+[0m[0m image_tag_mutability = "MUTABLE"
      [32m+[0m[0m name                 = "infraforge-dev/notification-service"
      [32m+[0m[0m registry_id          = (known after apply)
      [32m+[0m[0m repository_url       = (known after apply)
      [32m+[0m[0m tags                 = {
          [32m+[0m[0m "Cluster"     = "infraforge-dev"
          [32m+[0m[0m "Environment" = "dev"
          [32m+[0m[0m "Name"        = "infraforge-dev-notification-service"
          [32m+[0m[0m "Service"     = "notification-service"
          [32m+[0m[0m "Tenant"      = "platform"
        }
      [32m+[0m[0m tags_all             = {
          [32m+[0m[0m "Cluster"     = "infraforge-dev"
          [32m+[0m[0m "Environment" = "dev"
          [32m+[0m[0m "ManagedBy"   = "OpenTofu"
          [32m+[0m[0m "Name"        = "infraforge-dev-notification-service"
          [32m+[0m[0m "Owner"       = "gokhan@infraforge.io"
          [32m+[0m[0m "Platform"    = "InfraForge"
          [32m+[0m[0m "Service"     = "notification-service"
          [32m+[0m[0m "Tenant"      = "platform"
        }

      [32m+[0m[0m encryption_configuration {
          [32m+[0m[0m encryption_type = "AES256"
          [32m+[0m[0m kms_key         = (known after apply)
        }

      [32m+[0m[0m image_scanning_configuration {
          [32m+[0m[0m scan_on_push = true
        }
    }

[1m  # aws_ecr_repository.microservices["order-service"][0m will be created
[0m  [32m+[0m[0m resource "aws_ecr_repository" "microservices" {
      [32m+[0m[0m arn                  = (known after apply)
      [32m+[0m[0m id                   = (known after apply)
      [32m+[0m[0m image_tag_mutability = "MUTABLE"
      [32m+[0m[0m name                 = "infraforge-dev/order-service"
      [32m+[0m[0m registry_id          = (known after apply)
      [32m+[0m[0m repository_url       = (known after apply)
      [32m+[0m[0m tags                 = {
          [32m+[0m[0m "Cluster"     = "infraforge-dev"
          [32m+[0m[0m "Environment" = "dev"
          [32m+[0m[0m "Name"        = "infraforge-dev-order-service"
          [32m+[0m[0m "Service"     = "order-service"
          [32m+[0m[0m "Tenant"      = "platform"
        }
      [32m+[0m[0m tags_all             = {
          [32m+[0m[0m "Cluster"     = "infraforge-dev"
          [32m+[0m[0m "Environment" = "dev"
          [32m+[0m[0m "ManagedBy"   = "OpenTofu"
          [32m+[0m[0m "Name"        = "infraforge-dev-order-service"
          [32m+[0m[0m "Owner"       = "gokhan@infraforge.io"
          [32m+[0m[0m "Platform"    = "InfraForge"
          [32m+[0m[0m "Service"     = "order-service"
          [32m+[0m[0m "Tenant"      = "platform"
        }

      [32m+[0m[0m encryption_configuration {
          [32m+[0m[0m encryption_type = "AES256"
          [32m+[0m[0m kms_key         = (known after apply)
        }

      [32m+[0m[0m image_scanning_configuration {
          [32m+[0m[0m scan_on_push = true
        }
    }

[1m  # aws_ecr_repository.microservices["payment-service"][0m will be created
[0m  [32m+[0m[0m resource "aws_ecr_repository" "microservices" {
      [32m+[0m[0m arn                  = (known after apply)
      [32m+[0m[0m id                   = (known after apply)
      [32m+[0m[0m image_tag_mutability = "MUTABLE"
      [32m+[0m[0m name                 = "infraforge-dev/payment-service"
      [32m+[0m[0m registry_id          = (known after apply)
      [32m+[0m[0m repository_url       = (known after apply)
      [32m+[0m[0m tags                 = {
          [32m+[0m[0m "Cluster"     = "infraforge-dev"
          [32m+[0m[0m "Environment" = "dev"
          [32m+[0m[0m "Name"        = "infraforge-dev-payment-service"
          [32m+[0m[0m "Service"     = "payment-service"
          [32m+[0m[0m "Tenant"      = "platform"
        }
      [32m+[0m[0m tags_all             = {
          [32m+[0m[0m "Cluster"     = "infraforge-dev"
          [32m+[0m[0m "Environment" = "dev"
          [32m+[0m[0m "ManagedBy"   = "OpenTofu"
          [32m+[0m[0m "Name"        = "infraforge-dev-payment-service"
          [32m+[0m[0m "Owner"       = "gokhan@infraforge.io"
          [32m+[0m[0m "Platform"    = "InfraForge"
          [32m+[0m[0m "Service"     = "payment-service"
          [32m+[0m[0m "Tenant"      = "platform"
        }

      [32m+[0m[0m encryption_configuration {
          [32m+[0m[0m encryption_type = "AES256"
          [32m+[0m[0m kms_key         = (known after apply)
        }

      [32m+[0m[0m image_scanning_configuration {
          [32m+[0m[0m scan_on_push = true
        }
    }

[1m  # aws_ecr_repository.microservices["product-service"][0m will be created
[0m  [32m+[0m[0m resource "aws_ecr_repository" "microservices" {
      [32m+[0m[0m arn                  = (known after apply)
      [32m+[0m[0m id                   = (known after apply)
      [32m+[0m[0m image_tag_mutability = "MUTABLE"
      [32m+[0m[0m name                 = "infraforge-dev/product-service"
      [32m+[0m[0m registry_id          = (known after apply)
      [32m+[0m[0m repository_url       = (known after apply)
      [32m+[0m[0m tags                 = {
          [32m+[0m[0m "Cluster"     = "infraforge-dev"
          [32m+[0m[0m "Environment" = "dev"
          [32m+[0m[0m "Name"        = "infraforge-dev-product-service"
          [32m+[0m[0m "Service"     = "product-service"
          [32m+[0m[0m "Tenant"      = "platform"
        }
      [32m+[0m[0m tags_all             = {
          [32m+[0m[0m "Cluster"     = "infraforge-dev"
          [32m+[0m[0m "Environment" = "dev"
          [32m+[0m[0m "ManagedBy"   = "OpenTofu"
          [32m+[0m[0m "Name"        = "infraforge-dev-product-service"
          [32m+[0m[0m "Owner"       = "gokhan@infraforge.io"
          [32m+[0m[0m "Platform"    = "InfraForge"
          [32m+[0m[0m "Service"     = "product-service"
          [32m+[0m[0m "Tenant"      = "platform"
        }

      [32m+[0m[0m encryption_configuration {
          [32m+[0m[0m encryption_type = "AES256"
          [32m+[0m[0m kms_key         = (known after apply)
        }

      [32m+[0m[0m image_scanning_configuration {
          [32m+[0m[0m scan_on_push = true
        }
    }

[1m  # aws_ecr_repository.microservices["user-service"][0m will be created
[0m  [32m+[0m[0m resource "aws_ecr_repository" "microservices" {
      [32m+[0m[0m arn                  = (known after apply)
      [32m+[0m[0m id                   = (known after apply)
      [32m+[0m[0m image_tag_mutability = "MUTABLE"
      [32m+[0m[0m name                 = "infraforge-dev/user-service"
      [32m+[0m[0m registry_id          = (known after apply)
      [32m+[0m[0m repository_url       = (known after apply)
      [32m+[0m[0m tags                 = {
          [32m+[0m[0m "Cluster"     = "infraforge-dev"
          [32m+[0m[0m "Environment" = "dev"
          [32m+[0m[0m "Name"        = "infraforge-dev-user-service"
          [32m+[0m[0m "Service"     = "user-service"
          [32m+[0m[0m "Tenant"      = "platform"
        }
      [32m+[0m[0m tags_all             = {
          [32m+[0m[0m "Cluster"     = "infraforge-dev"
          [32m+[0m[0m "Environment" = "dev"
          [32m+[0m[0m "ManagedBy"   = "OpenTofu"
          [32m+[0m[0m "Name"        = "infraforge-dev-user-service"
          [32m+[0m[0m "Owner"       = "gokhan@infraforge.io"
          [32m+[0m[0m "Platform"    = "InfraForge"
          [32m+[0m[0m "Service"     = "user-service"
          [32m+[0m[0m "Tenant"      = "platform"
        }

      [32m+[0m[0m encryption_configuration {
          [32m+[0m[0m encryption_type = "AES256"
          [32m+[0m[0m kms_key         = (known after apply)
        }

      [32m+[0m[0m image_scanning_configuration {
          [32m+[0m[0m scan_on_push = true
        }
    }

[1mPlan:[0m 10 to add, 0 to change, 0 to destroy.
[0m
Changes to Outputs:
  [32m+[0m[0m ecr_repositories = {
      [32m+[0m[0m notification-service = {
          [32m+[0m[0m arn            = (known after apply)
          [32m+[0m[0m registry_id    = (known after apply)
          [32m+[0m[0m repository_url = (known after apply)
        }
      [32m+[0m[0m order-service        = {
          [32m+[0m[0m arn            = (known after apply)
          [32m+[0m[0m registry_id    = (known after apply)
          [32m+[0m[0m repository_url = (known after apply)
        }
      [32m+[0m[0m payment-service      = {
          [32m+[0m[0m arn            = (known after apply)
          [32m+[0m[0m registry_id    = (known after apply)
          [32m+[0m[0m repository_url = (known after apply)
        }
      [32m+[0m[0m product-service      = {
          [32m+[0m[0m arn            = (known after apply)
          [32m+[0m[0m registry_id    = (known after apply)
          [32m+[0m[0m repository_url = (known after apply)
        }
      [32m+[0m[0m user-service         = {
          [32m+[0m[0m arn            = (known after apply)
          [32m+[0m[0m registry_id    = (known after apply)
          [32m+[0m[0m repository_url = (known after apply)
        }
    }
[0m[1maws_ecr_repository.microservices["product-service"]: Creating...[0m[0m
[0m[1maws_ecr_repository.microservices["notification-service"]: Creating...[0m[0m
[0m[1maws_ecr_repository.microservices["order-service"]: Creating...[0m[0m
[0m[1maws_ecr_repository.microservices["user-service"]: Creating...[0m[0m
[0m[1maws_ecr_repository.microservices["payment-service"]: Creating...[0m[0m
[0m[1maws_ecr_repository.microservices["order-service"]: Creation complete after 1s [id=infraforge-dev/order-service][0m
[0m[1maws_ecr_repository.microservices["product-service"]: Creation complete after 1s [id=infraforge-dev/product-service][0m
[0m[1maws_ecr_repository.microservices["payment-service"]: Creation complete after 1s [id=infraforge-dev/payment-service][0m
[0m[1maws_ecr_repository.microservices["notification-service"]: Creation complete after 1s [id=infraforge-dev/notification-service][0m
[0m[1maws_ecr_repository.microservices["user-service"]: Creation complete after 1s [id=infraforge-dev/user-service][0m
[0m[1maws_ecr_lifecycle_policy.microservices["payment-service"]: Creating...[0m[0m
[0m[1maws_ecr_lifecycle_policy.microservices["order-service"]: Creating...[0m[0m
[0m[1maws_ecr_lifecycle_policy.microservices["user-service"]: Creating...[0m[0m
[0m[1maws_ecr_lifecycle_policy.microservices["product-service"]: Creating...[0m[0m
[0m[1maws_ecr_lifecycle_policy.microservices["notification-service"]: Creating...[0m[0m
[0m[1maws_ecr_lifecycle_policy.microservices["user-service"]: Creation complete after 0s [id=infraforge-dev/user-service][0m
[0m[1maws_ecr_lifecycle_policy.microservices["notification-service"]: Creation complete after 0s [id=infraforge-dev/notification-service][0m
[0m[1maws_ecr_lifecycle_policy.microservices["order-service"]: Creation complete after 0s [id=infraforge-dev/order-service][0m
[0m[1maws_ecr_lifecycle_policy.microservices["payment-service"]: Creation complete after 0s [id=infraforge-dev/payment-service][0m
[0m[1maws_ecr_lifecycle_policy.microservices["product-service"]: Creation complete after 0s [id=infraforge-dev/product-service][0m
[33m╷[0m[0m
[33m│[0m [0m[1m[33mWarning: [0m[0m[1mValue for undeclared variable[0m
[33m│[0m [0m
[33m│[0m [0m[0mThe root module does not declare a variable named "monitoring_config" but a
[33m│[0m [0mvalue was found in file "terraform.tfvars". If you meant to use this value,
[33m│[0m [0madd a "variable" block to the configuration.
[33m│[0m [0m
[33m│[0m [0mTo silence these warnings, use TF_VAR_... environment variables to provide
[33m│[0m [0mcertain "global" settings to all configurations in your organization. To
[33m│[0m [0mreduce the verbosity of these warnings, use the -compact-warnings option.
[33m╵[0m[0m
[33m╷[0m[0m
[33m│[0m [0m[1m[33mWarning: [0m[0m[1mValue for undeclared variable[0m
[33m│[0m [0m
[33m│[0m [0m[0mThe root module does not declare a variable named "enable_monitoring" but a
[33m│[0m [0mvalue was found in file "terraform.tfvars". If you meant to use this value,
[33m│[0m [0madd a "variable" block to the configuration.
[33m│[0m [0m
[33m│[0m [0mTo silence these warnings, use TF_VAR_... environment variables to provide
[33m│[0m [0mcertain "global" settings to all configurations in your organization. To
[33m│[0m [0mreduce the verbosity of these warnings, use the -compact-warnings option.
[33m╵[0m[0m
[33m╷[0m[0m
[33m│[0m [0m[1m[33mWarning: [0m[0m[1mResource targeting is in effect[0m
[33m│[0m [0m
[33m│[0m [0m[0mYou are creating a plan with the -target option, which means that the
[33m│[0m [0mresult of this plan may not represent all of the changes requested by the
[33m│[0m [0mcurrent configuration.
[33m│[0m [0m
[33m│[0m [0mThe -target option is not for routine use, and is provided only for
[33m│[0m [0mexceptional situations such as recovering from errors or mistakes, or when
[33m│[0m [0mTerraform specifically suggests to use it as part of an error message.
[33m╵[0m[0m
[33m╷[0m[0m
[33m│[0m [0m[1m[33mWarning: [0m[0m[1mApplied changes may be incomplete[0m
[33m│[0m [0m
[33m│[0m [0m[0mThe plan was created with the -target option in effect, so some changes
[33m│[0m [0mrequested in the configuration may have been ignored and the output values
[33m│[0m [0mmay not be fully updated. Run the following command to verify that no other
[33m│[0m [0mchanges are pending:
[33m│[0m [0m    terraform plan
[33m│[0m [0m
[33m│[0m [0mNote that the -target option is not suitable for routine use, and is
[33m│[0m [0mprovided only for exceptional situations such as recovering from errors or
[33m│[0m [0mmistakes, or when Terraform specifically suggests to use it as part of an
[33m│[0m [0merror message.
[33m╵[0m[0m
[0m[1m[32m
Apply complete! Resources: 10 added, 0 changed, 0 destroyed.
[0m[0m[1m[32m
Outputs:

[0margocd_admin_password = <sensitive>
argocd_url = "https://argocd.infraforge.io"
aws_load_balancer_controller_role_arn = "arn:aws:iam::715841344657:role/infraforge-dev-aws-load-balancer-controller"
backstage_db_password = <sensitive>
backstage_url = "https://backstage.infraforge.io"
cluster_autoscaler_role_arn = "arn:aws:iam::715841344657:role/infraforge-dev-cluster-autoscaler"
cluster_endpoint = "https://BD9EBB4D4E1C3BC4655AA403ECDD2878.gr7.eu-west-1.eks.amazonaws.com"
cluster_name = "infraforge-dev"
cluster_security_group_id = "sg-01f8d4c68799bbea8"
ecr_repositories = {
  "notification-service" = {
    "arn" = "arn:aws:ecr:eu-west-1:715841344657:repository/infraforge-dev/notification-service"
    "registry_id" = "715841344657"
    "repository_url" = "715841344657.dkr.ecr.eu-west-1.amazonaws.com/infraforge-dev/notification-service"
  }
  "order-service" = {
    "arn" = "arn:aws:ecr:eu-west-1:715841344657:repository/infraforge-dev/order-service"
    "registry_id" = "715841344657"
    "repository_url" = "715841344657.dkr.ecr.eu-west-1.amazonaws.com/infraforge-dev/order-service"
  }
  "payment-service" = {
    "arn" = "arn:aws:ecr:eu-west-1:715841344657:repository/infraforge-dev/payment-service"
    "registry_id" = "715841344657"
    "repository_url" = "715841344657.dkr.ecr.eu-west-1.amazonaws.com/infraforge-dev/payment-service"
  }
  "product-service" = {
    "arn" = "arn:aws:ecr:eu-west-1:715841344657:repository/infraforge-dev/product-service"
    "registry_id" = "715841344657"
    "repository_url" = "715841344657.dkr.ecr.eu-west-1.amazonaws.com/infraforge-dev/product-service"
  }
  "user-service" = {
    "arn" = "arn:aws:ecr:eu-west-1:715841344657:repository/infraforge-dev/user-service"
    "registry_id" = "715841344657"
    "repository_url" = "715841344657.dkr.ecr.eu-west-1.amazonaws.com/infraforge-dev/user-service"
  }
}
external_dns_role_arn = ""
private_subnets = [
  "subnet-05ca8068a70d84652",
  "subnet-0393bdbb3484ae441",
  "subnet-0336cce74954ce09e",
]
public_subnets = [
  "subnet-089884572cac79d55",
  "subnet-0628ffb902e52bf9f",
  "subnet-06c57e0e36d6ef506",
]
region = "eu-west-1"
update_kubeconfig_command = "aws eks update-kubeconfig --name infraforge-dev --region eu-west-1"
vpc_id = "vpc-000a0bc71bfc8a387"
