[33m╷[0m[0m
[33m│[0m [0m[1m[33mWarning: [0m[0m[1mValue for undeclared variable[0m
[33m│[0m [0m
[33m│[0m [0m[0mThe root module does not declare a variable named "enable_monitoring" but a
[33m│[0m [0mvalue was found in file "terraform.tfvars". If you meant to use this value,
[33m│[0m [0madd a "variable" block to the configuration.
[33m│[0m [0m
[33m│[0m [0mTo silence these warnings, use TF_VAR_... environment variables to provide
[33m│[0m [0mcertain "global" settings to all configurations in your organization. To
[33m│[0m [0mreduce the verbosity of these warnings, use the -compact-warnings option.
[33m╵[0m[0m
[33m╷[0m[0m
[33m│[0m [0m[1m[33mWarning: [0m[0m[1mValue for undeclared variable[0m
[33m│[0m [0m
[33m│[0m [0m[0mThe root module does not declare a variable named "monitoring_config" but a
[33m│[0m [0mvalue was found in file "terraform.tfvars". If you meant to use this value,
[33m│[0m [0madd a "variable" block to the configuration.
[33m│[0m [0m
[33m│[0m [0mTo silence these warnings, use TF_VAR_... environment variables to provide
[33m│[0m [0mcertain "global" settings to all configurations in your organization. To
[33m│[0m [0mreduce the verbosity of these warnings, use the -compact-warnings option.
[33m╵[0m[0m
[31m╷[0m[0m
[31m│[0m [0m[1m[31mError: [0m[0m[1mReference to undeclared input variable[0m
[31m│[0m [0m
[31m│[0m [0m[0m  on addons.tf line 50, in resource "helm_release" "cluster_autoscaler":
[31m│[0m [0m  50:       clusterName: ${[4mvar.cluster_name[0m}[0m
[31m│[0m [0m
[31m│[0m [0mAn input variable with the name "cluster_name" has not been declared. This
[31m│[0m [0mvariable can be declared with a variable "cluster_name" {} block.
[31m╵[0m[0m
[31m╷[0m[0m
[31m│[0m [0m[1m[31mError: [0m[0m[1mReference to undeclared input variable[0m
[31m│[0m [0m
[31m│[0m [0m[0m  on addons.tf line 103, in resource "helm_release" "aws_load_balancer_controller":
[31m│[0m [0m 103:     clusterName: ${[4mvar.cluster_name[0m}[0m
[31m│[0m [0m
[31m│[0m [0mAn input variable with the name "cluster_name" has not been declared. This
[31m│[0m [0mvariable can be declared with a variable "cluster_name" {} block.
[31m╵[0m[0m
[31m╷[0m[0m
[31m│[0m [0m[1m[31mError: [0m[0m[1mReference to undeclared input variable[0m
[31m│[0m [0m
[31m│[0m [0m[0m  on addons.tf line 164, in resource "helm_release" "external_dns":
[31m│[0m [0m 164:         eks.amazonaws.com/role-arn: ${[4mvar.external_dns_irsa_role_arn[0m}[0m
[31m│[0m [0m
[31m│[0m [0mAn input variable with the name "external_dns_irsa_role_arn" has not been
[31m│[0m [0mdeclared. This variable can be declared with a variable
[31m│[0m [0m"external_dns_irsa_role_arn" {} block.
[31m╵[0m[0m
[31m╷[0m[0m
[31m│[0m [0m[1m[31mError: [0m[0m[1mReference to undeclared input variable[0m
[31m│[0m [0m
[31m│[0m [0m[0m  on addons.tf line 201, in resource "helm_release" "karpenter":
[31m│[0m [0m 201:       clusterName: ${[4mvar.cluster_name[0m}[0m
[31m│[0m [0m
[31m│[0m [0mAn input variable with the name "cluster_name" has not been declared. This
[31m│[0m [0mvariable can be declared with a variable "cluster_name" {} block.
[31m╵[0m[0m
[31m╷[0m[0m
[31m│[0m [0m[1m[31mError: [0m[0m[1mReference to undeclared input variable[0m
[31m│[0m [0m
[31m│[0m [0m[0m  on addons.tf line 203, in resource "helm_release" "karpenter":
[31m│[0m [0m 203:       interruptionQueueName: ${[4mvar.cluster_name[0m}[0m
[31m│[0m [0m
[31m│[0m [0mAn input variable with the name "cluster_name" has not been declared. This
[31m│[0m [0mvariable can be declared with a variable "cluster_name" {} block.
[31m╵[0m[0m
[31m╷[0m[0m
[31m│[0m [0m[1m[31mError: [0m[0m[1mReference to undeclared input variable[0m
[31m│[0m [0m
[31m│[0m [0m[0m  on addons.tf line 205, in resource "helm_release" "karpenter":
[31m│[0m [0m 205:         defaultInstanceProfile: ${[4mvar.karpenter_instance_profile_name[0m}[0m
[31m│[0m [0m
[31m│[0m [0mAn input variable with the name "karpenter_instance_profile_name" has not
[31m│[0m [0mbeen declared. This variable can be declared with a variable
[31m│[0m [0m"karpenter_instance_profile_name" {} block.
[31m╵[0m[0m
[31m╷[0m[0m
[31m│[0m [0m[1m[31mError: [0m[0m[1mReference to undeclared input variable[0m
[31m│[0m [0m
[31m│[0m [0m[0m  on addons.tf line 210, in resource "helm_release" "karpenter":
[31m│[0m [0m 210:         eks.amazonaws.com/role-arn: ${[4mvar.karpenter_irsa_role_arn[0m}[0m
[31m│[0m [0m
[31m│[0m [0mAn input variable with the name "karpenter_irsa_role_arn" has not been
[31m│[0m [0mdeclared. This variable can be declared with a variable
[31m│[0m [0m"karpenter_irsa_role_arn" {} block.
[31m╵[0m[0m
[31m╷[0m[0m
[31m│[0m [0m[1m[31mError: [0m[0m[1mReference to undeclared input variable[0m
[31m│[0m [0m
[31m│[0m [0m[0m  on argocd-apps.tf line 16, in resource "kubectl_manifest" "argocd_root_app_nonprod":
[31m│[0m [0m  16:     repoURL: ${[4mvar.gitops_repo_url[0m}[0m
[31m│[0m [0m
[31m│[0m [0mAn input variable with the name "gitops_repo_url" has not been declared.
[31m│[0m [0mThis variable can be declared with a variable "gitops_repo_url" {} block.
[31m╵[0m[0m
[31m╷[0m[0m
[31m│[0m [0m[1m[31mError: [0m[0m[1mReference to undeclared input variable[0m
[31m│[0m [0m
[31m│[0m [0m[0m  on argocd-apps.tf line 17, in resource "kubectl_manifest" "argocd_root_app_nonprod":
[31m│[0m [0m  17:     targetRevision: ${[4mvar.gitops_repo_branch[0m}[0m
[31m│[0m [0m
[31m│[0m [0mAn input variable with the name "gitops_repo_branch" has not been declared.
[31m│[0m [0mThis variable can be declared with a variable "gitops_repo_branch" {}
[31m│[0m [0mblock.
[31m╵[0m[0m
[31m╷[0m[0m
[31m│[0m [0m[1m[31mError: [0m[0m[1mReference to undeclared input variable[0m
[31m│[0m [0m
[31m│[0m [0m[0m  on argocd-apps.tf line 54, in resource "kubectl_manifest" "argocd_root_app_prod":
[31m│[0m [0m  54:     repoURL: ${[4mvar.gitops_repo_url[0m}[0m
[31m│[0m [0m
[31m│[0m [0mAn input variable with the name "gitops_repo_url" has not been declared.
[31m│[0m [0mThis variable can be declared with a variable "gitops_repo_url" {} block.
[31m╵[0m[0m
[31m╷[0m[0m
[31m│[0m [0m[1m[31mError: [0m[0m[1mReference to undeclared input variable[0m
[31m│[0m [0m
[31m│[0m [0m[0m  on argocd-apps.tf line 55, in resource "kubectl_manifest" "argocd_root_app_prod":
[31m│[0m [0m  55:     targetRevision: ${[4mvar.gitops_repo_branch[0m}[0m
[31m│[0m [0m
[31m│[0m [0mAn input variable with the name "gitops_repo_branch" has not been declared.
[31m│[0m [0mThis variable can be declared with a variable "gitops_repo_branch" {}
[31m│[0m [0mblock.
[31m╵[0m[0m
[31m╷[0m[0m
[31m│[0m [0m[1m[31mError: [0m[0m[1mReference to undeclared input variable[0m
[31m│[0m [0m
[31m│[0m [0m[0m  on ecr.tf line 17, in resource "aws_ecr_repository" "microservices":
[31m│[0m [0m  17:   name                 = "${[4mvar.cluster_name[0m}/${each.key}"[0m
[31m│[0m [0m
[31m│[0m [0mAn input variable with the name "cluster_name" has not been declared. This
[31m│[0m [0mvariable can be declared with a variable "cluster_name" {} block.
[31m╵[0m[0m
[31m╷[0m[0m
[31m│[0m [0m[1m[31mError: [0m[0m[1mReference to undeclared input variable[0m
[31m│[0m [0m
[31m│[0m [0m[0m  on ecr.tf line 31, in resource "aws_ecr_repository" "microservices":
[31m│[0m [0m  31:       Name    = "${[4mvar.cluster_name[0m}-${each.key}"[0m
[31m│[0m [0m
[31m│[0m [0mAn input variable with the name "cluster_name" has not been declared. This
[31m│[0m [0mvariable can be declared with a variable "cluster_name" {} block.
[31m╵[0m[0m
[31m╷[0m[0m
[31m│[0m [0m[1m[31mError: [0m[0m[1mReference to undeclared input variable[0m
[31m│[0m [0m
[31m│[0m [0m[0m  on ecr.tf line 76, in resource "aws_ecr_pull_through_cache_rule" "dockerhub":
[31m│[0m [0m  76:   count                    = [4mvar.enable_ecr_pull_through_cache[0m ? 1 : 0[0m
[31m│[0m [0m
[31m│[0m [0mAn input variable with the name "enable_ecr_pull_through_cache" has not
[31m│[0m [0mbeen declared. This variable can be declared with a variable
[31m│[0m [0m"enable_ecr_pull_through_cache" {} block.
[31m╵[0m[0m
[31m╷[0m[0m
[31m│[0m [0m[1m[31mError: [0m[0m[1mReference to undeclared input variable[0m
[31m│[0m [0m
[31m│[0m [0m[0m  on ecr.tf line 79, in resource "aws_ecr_pull_through_cache_rule" "dockerhub":
[31m│[0m [0m  79:   credential_arn           = [4mvar.dockerhub_credentials_arn[0m[0m
[31m│[0m [0m
[31m│[0m [0mAn input variable with the name "dockerhub_credentials_arn" has not been
[31m│[0m [0mdeclared. This variable can be declared with a variable
[31m│[0m [0m"dockerhub_credentials_arn" {} block.
[31m╵[0m[0m
