[0m[1mmodule.ebs_csi_driver_irsa[0].data.aws_caller_identity.current: Reading...[0m[0m
[0m[1mmodule.ebs_csi_driver_irsa[0].data.aws_partition.current: Reading...[0m[0m
[0m[1mdata.aws_availability_zones.available: Reading...[0m[0m
[0m[1mdata.aws_caller_identity.current: Reading...[0m[0m
[0m[1mmodule.vpc.aws_vpc.this[0]: Refreshing state... [id=vpc-000a0bc71bfc8a387][0m
[0m[1mmodule.ebs_csi_driver_irsa[0].data.aws_partition.current: Read complete after 0s [id=aws][0m
[0m[1mmodule.ebs_csi_driver_irsa[0].data.aws_caller_identity.current: Read complete after 0s [id=715841344657][0m
[0m[1mdata.aws_caller_identity.current: Read complete after 0s [id=715841344657][0m
[0m[1mdata.aws_availability_zones.available: Read complete after 0s [id=eu-west-1][0m
[0m[1mmodule.vpc.aws_subnet.private[0]: Refreshing state... [id=subnet-05ca8068a70d84652][0m
[0m[1mmodule.vpc.aws_subnet.private[2]: Refreshing state... [id=subnet-0336cce74954ce09e][0m
[0m[1mmodule.vpc.aws_subnet.private[1]: Refreshing state... [id=subnet-0393bdbb3484ae441][0m

OpenTofu used the selected providers to generate the following execution
plan. Resource actions are indicated with the following symbols:
  [32m+[0m create[0m
 [36m<=[0m read (data resources)[0m

OpenTofu planned the following actions, but then encountered a problem:

[1m  # aws_kms_alias.eks[0m will be created
[0m  [32m+[0m[0m resource "aws_kms_alias" "eks" {
      [32m+[0m[0m arn            = (known after apply)
      [32m+[0m[0m id             = (known after apply)
      [32m+[0m[0m name           = "alias/infraforge-dev-eks"
      [32m+[0m[0m name_prefix    = (known after apply)
      [32m+[0m[0m target_key_arn = (known after apply)
      [32m+[0m[0m target_key_id  = (known after apply)
    }

[1m  # aws_kms_key.eks[0m will be created
[0m  [32m+[0m[0m resource "aws_kms_key" "eks" {
      [32m+[0m[0m arn                                = (known after apply)
      [32m+[0m[0m bypass_policy_lockout_safety_check = false
      [32m+[0m[0m customer_master_key_spec           = "SYMMETRIC_DEFAULT"
      [32m+[0m[0m deletion_window_in_days            = 10
      [32m+[0m[0m description                        = "KMS key for infraforge-dev EKS cluster encryption"
      [32m+[0m[0m enable_key_rotation                = true
      [32m+[0m[0m id                                 = (known after apply)
      [32m+[0m[0m is_enabled                         = true
      [32m+[0m[0m key_id                             = (known after apply)
      [32m+[0m[0m key_usage                          = "ENCRYPT_DECRYPT"
      [32m+[0m[0m multi_region                       = (known after apply)
      [32m+[0m[0m policy                             = (known after apply)
      [32m+[0m[0m rotation_period_in_days            = (known after apply)
      [32m+[0m[0m tags                               = {
          [32m+[0m[0m "Cluster"     = "infraforge-dev"
          [32m+[0m[0m "Environment" = "dev"
          [32m+[0m[0m "Name"        = "infraforge-dev-eks-key"
          [32m+[0m[0m "Tenant"      = "platform"
        }
      [32m+[0m[0m tags_all                           = {
          [32m+[0m[0m "Cluster"     = "infraforge-dev"
          [32m+[0m[0m "Environment" = "dev"
          [32m+[0m[0m "ManagedBy"   = "OpenTofu"
          [32m+[0m[0m "Name"        = "infraforge-dev-eks-key"
          [32m+[0m[0m "Owner"       = "gokhan@infraforge.io"
          [32m+[0m[0m "Platform"    = "InfraForge"
          [32m+[0m[0m "Tenant"      = "platform"
        }
    }

[1m  # aws_security_group.vpc_endpoints[0m will be created
[0m  [32m+[0m[0m resource "aws_security_group" "vpc_endpoints" {
      [32m+[0m[0m arn                    = (known after apply)
      [32m+[0m[0m description            = "Managed by Terraform"
      [32m+[0m[0m egress                 = [
          [32m+[0m[0m {
              [32m+[0m[0m cidr_blocks      = [
                  [32m+[0m[0m "0.0.0.0/0",
                ]
              [32m+[0m[0m description      = ""
              [32m+[0m[0m from_port        = 0
              [32m+[0m[0m ipv6_cidr_blocks = []
              [32m+[0m[0m prefix_list_ids  = []
              [32m+[0m[0m protocol         = "-1"
              [32m+[0m[0m security_groups  = []
              [32m+[0m[0m self             = false
              [32m+[0m[0m to_port          = 0
            },
        ]
      [32m+[0m[0m id                     = (known after apply)
      [32m+[0m[0m ingress                = [
          [32m+[0m[0m {
              [32m+[0m[0m cidr_blocks      = [
                  [32m+[0m[0m "10.0.0.0/16",
                ]
              [32m+[0m[0m description      = ""
              [32m+[0m[0m from_port        = 443
              [32m+[0m[0m ipv6_cidr_blocks = []
              [32m+[0m[0m prefix_list_ids  = []
              [32m+[0m[0m protocol         = "tcp"
              [32m+[0m[0m security_groups  = []
              [32m+[0m[0m self             = false
              [32m+[0m[0m to_port          = 443
            },
        ]
      [32m+[0m[0m name                   = (known after apply)
      [32m+[0m[0m name_prefix            = "infraforge-dev-vpc-endpoints-"
      [32m+[0m[0m owner_id               = (known after apply)
      [32m+[0m[0m revoke_rules_on_delete = false
      [32m+[0m[0m tags                   = {
          [32m+[0m[0m "Cluster"     = "infraforge-dev"
          [32m+[0m[0m "Environment" = "dev"
          [32m+[0m[0m "Name"        = "infraforge-dev-vpc-endpoints-sg"
          [32m+[0m[0m "Tenant"      = "platform"
        }
      [32m+[0m[0m tags_all               = {
          [32m+[0m[0m "Cluster"     = "infraforge-dev"
          [32m+[0m[0m "Environment" = "dev"
          [32m+[0m[0m "ManagedBy"   = "OpenTofu"
          [32m+[0m[0m "Name"        = "infraforge-dev-vpc-endpoints-sg"
          [32m+[0m[0m "Owner"       = "gokhan@infraforge.io"
          [32m+[0m[0m "Platform"    = "InfraForge"
          [32m+[0m[0m "Tenant"      = "platform"
        }
      [32m+[0m[0m vpc_id                 = "vpc-000a0bc71bfc8a387"
    }

[1m  # aws_vpc_endpoint.ec2[0m will be created
[0m  [32m+[0m[0m resource "aws_vpc_endpoint" "ec2" {
      [32m+[0m[0m arn                   = (known after apply)
      [32m+[0m[0m cidr_blocks           = (known after apply)
      [32m+[0m[0m dns_entry             = (known after apply)
      [32m+[0m[0m id                    = (known after apply)
      [32m+[0m[0m ip_address_type       = (known after apply)
      [32m+[0m[0m network_interface_ids = (known after apply)
      [32m+[0m[0m owner_id              = (known after apply)
      [32m+[0m[0m policy                = (known after apply)
      [32m+[0m[0m prefix_list_id        = (known after apply)
      [32m+[0m[0m private_dns_enabled   = true
      [32m+[0m[0m requester_managed     = (known after apply)
      [32m+[0m[0m route_table_ids       = (known after apply)
      [32m+[0m[0m security_group_ids    = (known after apply)
      [32m+[0m[0m service_name          = "com.amazonaws.eu-west-1.ec2"
      [32m+[0m[0m service_region        = (known after apply)
      [32m+[0m[0m state                 = (known after apply)
      [32m+[0m[0m subnet_ids            = [
          [32m+[0m[0m "subnet-0336cce74954ce09e",
          [32m+[0m[0m "subnet-0393bdbb3484ae441",
          [32m+[0m[0m "subnet-05ca8068a70d84652",
        ]
      [32m+[0m[0m tags                  = {
          [32m+[0m[0m "Cluster"     = "infraforge-dev"
          [32m+[0m[0m "Environment" = "dev"
          [32m+[0m[0m "Name"        = "infraforge-dev-ec2-endpoint"
          [32m+[0m[0m "Tenant"      = "platform"
        }
      [32m+[0m[0m tags_all              = {
          [32m+[0m[0m "Cluster"     = "infraforge-dev"
          [32m+[0m[0m "Environment" = "dev"
          [32m+[0m[0m "ManagedBy"   = "OpenTofu"
          [32m+[0m[0m "Name"        = "infraforge-dev-ec2-endpoint"
          [32m+[0m[0m "Owner"       = "gokhan@infraforge.io"
          [32m+[0m[0m "Platform"    = "InfraForge"
          [32m+[0m[0m "Tenant"      = "platform"
        }
      [32m+[0m[0m vpc_endpoint_type     = "Interface"
      [32m+[0m[0m vpc_id                = "vpc-000a0bc71bfc8a387"

      [32m+[0m[0m dns_options (known after apply)

      [32m+[0m[0m subnet_configuration (known after apply)
    }

[1m  # aws_vpc_endpoint.ecr_api[0m will be created
[0m  [32m+[0m[0m resource "aws_vpc_endpoint" "ecr_api" {
      [32m+[0m[0m arn                   = (known after apply)
      [32m+[0m[0m cidr_blocks           = (known after apply)
      [32m+[0m[0m dns_entry             = (known after apply)
      [32m+[0m[0m id                    = (known after apply)
      [32m+[0m[0m ip_address_type       = (known after apply)
      [32m+[0m[0m network_interface_ids = (known after apply)
      [32m+[0m[0m owner_id              = (known after apply)
      [32m+[0m[0m policy                = (known after apply)
      [32m+[0m[0m prefix_list_id        = (known after apply)
      [32m+[0m[0m private_dns_enabled   = true
      [32m+[0m[0m requester_managed     = (known after apply)
      [32m+[0m[0m route_table_ids       = (known after apply)
      [32m+[0m[0m security_group_ids    = (known after apply)
      [32m+[0m[0m service_name          = "com.amazonaws.eu-west-1.ecr.api"
      [32m+[0m[0m service_region        = (known after apply)
      [32m+[0m[0m state                 = (known after apply)
      [32m+[0m[0m subnet_ids            = [
          [32m+[0m[0m "subnet-0336cce74954ce09e",
          [32m+[0m[0m "subnet-0393bdbb3484ae441",
          [32m+[0m[0m "subnet-05ca8068a70d84652",
        ]
      [32m+[0m[0m tags                  = {
          [32m+[0m[0m "Cluster"     = "infraforge-dev"
          [32m+[0m[0m "Environment" = "dev"
          [32m+[0m[0m "Name"        = "infraforge-dev-ecr-api-endpoint"
          [32m+[0m[0m "Tenant"      = "platform"
        }
      [32m+[0m[0m tags_all              = {
          [32m+[0m[0m "Cluster"     = "infraforge-dev"
          [32m+[0m[0m "Environment" = "dev"
          [32m+[0m[0m "ManagedBy"   = "OpenTofu"
          [32m+[0m[0m "Name"        = "infraforge-dev-ecr-api-endpoint"
          [32m+[0m[0m "Owner"       = "gokhan@infraforge.io"
          [32m+[0m[0m "Platform"    = "InfraForge"
          [32m+[0m[0m "Tenant"      = "platform"
        }
      [32m+[0m[0m vpc_endpoint_type     = "Interface"
      [32m+[0m[0m vpc_id                = "vpc-000a0bc71bfc8a387"

      [32m+[0m[0m dns_options (known after apply)

      [32m+[0m[0m subnet_configuration (known after apply)
    }

[1m  # aws_vpc_endpoint.ecr_dkr[0m will be created
[0m  [32m+[0m[0m resource "aws_vpc_endpoint" "ecr_dkr" {
      [32m+[0m[0m arn                   = (known after apply)
      [32m+[0m[0m cidr_blocks           = (known after apply)
      [32m+[0m[0m dns_entry             = (known after apply)
      [32m+[0m[0m id                    = (known after apply)
      [32m+[0m[0m ip_address_type       = (known after apply)
      [32m+[0m[0m network_interface_ids = (known after apply)
      [32m+[0m[0m owner_id              = (known after apply)
      [32m+[0m[0m policy                = (known after apply)
      [32m+[0m[0m prefix_list_id        = (known after apply)
      [32m+[0m[0m private_dns_enabled   = true
      [32m+[0m[0m requester_managed     = (known after apply)
      [32m+[0m[0m route_table_ids       = (known after apply)
      [32m+[0m[0m security_group_ids    = (known after apply)
      [32m+[0m[0m service_name          = "com.amazonaws.eu-west-1.ecr.dkr"
      [32m+[0m[0m service_region        = (known after apply)
      [32m+[0m[0m state                 = (known after apply)
      [32m+[0m[0m subnet_ids            = [
          [32m+[0m[0m "subnet-0336cce74954ce09e",
          [32m+[0m[0m "subnet-0393bdbb3484ae441",
          [32m+[0m[0m "subnet-05ca8068a70d84652",
        ]
      [32m+[0m[0m tags                  = {
          [32m+[0m[0m "Cluster"     = "infraforge-dev"
          [32m+[0m[0m "Environment" = "dev"
          [32m+[0m[0m "Name"        = "infraforge-dev-ecr-dkr-endpoint"
          [32m+[0m[0m "Tenant"      = "platform"
        }
      [32m+[0m[0m tags_all              = {
          [32m+[0m[0m "Cluster"     = "infraforge-dev"
          [32m+[0m[0m "Environment" = "dev"
          [32m+[0m[0m "ManagedBy"   = "OpenTofu"
          [32m+[0m[0m "Name"        = "infraforge-dev-ecr-dkr-endpoint"
          [32m+[0m[0m "Owner"       = "gokhan@infraforge.io"
          [32m+[0m[0m "Platform"    = "InfraForge"
          [32m+[0m[0m "Tenant"      = "platform"
        }
      [32m+[0m[0m vpc_endpoint_type     = "Interface"
      [32m+[0m[0m vpc_id                = "vpc-000a0bc71bfc8a387"

      [32m+[0m[0m dns_options (known after apply)

      [32m+[0m[0m subnet_configuration (known after apply)
    }

[1m  # aws_vpc_endpoint.sts[0m will be created
[0m  [32m+[0m[0m resource "aws_vpc_endpoint" "sts" {
      [32m+[0m[0m arn                   = (known after apply)
      [32m+[0m[0m cidr_blocks           = (known after apply)
      [32m+[0m[0m dns_entry             = (known after apply)
      [32m+[0m[0m id                    = (known after apply)
      [32m+[0m[0m ip_address_type       = (known after apply)
      [32m+[0m[0m network_interface_ids = (known after apply)
      [32m+[0m[0m owner_id              = (known after apply)
      [32m+[0m[0m policy                = (known after apply)
      [32m+[0m[0m prefix_list_id        = (known after apply)
      [32m+[0m[0m private_dns_enabled   = true
      [32m+[0m[0m requester_managed     = (known after apply)
      [32m+[0m[0m route_table_ids       = (known after apply)
      [32m+[0m[0m security_group_ids    = (known after apply)
      [32m+[0m[0m service_name          = "com.amazonaws.eu-west-1.sts"
      [32m+[0m[0m service_region        = (known after apply)
      [32m+[0m[0m state                 = (known after apply)
      [32m+[0m[0m subnet_ids            = [
          [32m+[0m[0m "subnet-0336cce74954ce09e",
          [32m+[0m[0m "subnet-0393bdbb3484ae441",
          [32m+[0m[0m "subnet-05ca8068a70d84652",
        ]
      [32m+[0m[0m tags                  = {
          [32m+[0m[0m "Cluster"     = "infraforge-dev"
          [32m+[0m[0m "Environment" = "dev"
          [32m+[0m[0m "Name"        = "infraforge-dev-sts-endpoint"
          [32m+[0m[0m "Tenant"      = "platform"
        }
      [32m+[0m[0m tags_all              = {
          [32m+[0m[0m "Cluster"     = "infraforge-dev"
          [32m+[0m[0m "Environment" = "dev"
          [32m+[0m[0m "ManagedBy"   = "OpenTofu"
          [32m+[0m[0m "Name"        = "infraforge-dev-sts-endpoint"
          [32m+[0m[0m "Owner"       = "gokhan@infraforge.io"
          [32m+[0m[0m "Platform"    = "InfraForge"
          [32m+[0m[0m "Tenant"      = "platform"
        }
      [32m+[0m[0m vpc_endpoint_type     = "Interface"
      [32m+[0m[0m vpc_id                = "vpc-000a0bc71bfc8a387"

      [32m+[0m[0m dns_options (known after apply)

      [32m+[0m[0m subnet_configuration (known after apply)
    }

[1m  # module.ebs_csi_driver_irsa[0].data.aws_iam_policy_document.this[0][0m will be read during apply
  # (config refers to values not yet known)
[0m [36m<=[0m[0m data "aws_iam_policy_document" "this" {
      [32m+[0m[0m id            = (known after apply)
      [32m+[0m[0m json          = (known after apply)
      [32m+[0m[0m minified_json = (known after apply)

      [32m+[0m[0m statement {
          [32m+[0m[0m actions = [
              [32m+[0m[0m "sts:AssumeRoleWithWebIdentity",
            ]
          [32m+[0m[0m effect  = "Allow"

          [32m+[0m[0m condition {
              [32m+[0m[0m test     = "StringEquals"
              [32m+[0m[0m values   = [
                  [32m+[0m[0m "sts.amazonaws.com",
                ]
              [32m+[0m[0m variable = (known after apply)
            }
          [32m+[0m[0m condition {
              [32m+[0m[0m test     = "StringEquals"
              [32m+[0m[0m values   = [
                  [32m+[0m[0m "system:serviceaccount:kube-system:ebs-csi-controller-sa",
                ]
              [32m+[0m[0m variable = (known after apply)
            }

          [32m+[0m[0m principals {
              [32m+[0m[0m identifiers = [
                  [32m+[0m[0m (known after apply),
                ]
              [32m+[0m[0m type        = "Federated"
            }
        }
    }

[1m  # module.ebs_csi_driver_irsa[0].aws_iam_role.this[0][0m will be created
[0m  [32m+[0m[0m resource "aws_iam_role" "this" {
      [32m+[0m[0m arn                   = (known after apply)
      [32m+[0m[0m assume_role_policy    = (known after apply)
      [32m+[0m[0m create_date           = (known after apply)
      [32m+[0m[0m force_detach_policies = true
      [32m+[0m[0m id                    = (known after apply)
      [32m+[0m[0m managed_policy_arns   = (known after apply)
      [32m+[0m[0m max_session_duration  = 3600
      [32m+[0m[0m name                  = "infraforge-dev-ebs-csi-driver"
      [32m+[0m[0m name_prefix           = (known after apply)
      [32m+[0m[0m path                  = "/"
      [32m+[0m[0m tags                  = {
          [32m+[0m[0m "Cluster"     = "infraforge-dev"
          [32m+[0m[0m "Environment" = "dev"
          [32m+[0m[0m "Tenant"      = "platform"
        }
      [32m+[0m[0m tags_all              = {
          [32m+[0m[0m "Cluster"     = "infraforge-dev"
          [32m+[0m[0m "Environment" = "dev"
          [32m+[0m[0m "ManagedBy"   = "OpenTofu"
          [32m+[0m[0m "Owner"       = "gokhan@infraforge.io"
          [32m+[0m[0m "Platform"    = "InfraForge"
          [32m+[0m[0m "Tenant"      = "platform"
        }
      [32m+[0m[0m unique_id             = (known after apply)

      [32m+[0m[0m inline_policy (known after apply)
    }

[1m  # module.eks.data.aws_caller_identity.current[0m will be read during apply
  # (depends on a resource or a module with changes pending)
[0m [36m<=[0m[0m data "aws_caller_identity" "current" {
      [32m+[0m[0m account_id = (known after apply)
      [32m+[0m[0m arn        = (known after apply)
      [32m+[0m[0m id         = (known after apply)
      [32m+[0m[0m user_id    = (known after apply)
    }

[1m  # module.eks.data.aws_eks_addon_version.this["aws-ebs-csi-driver"][0m will be read during apply
  # (depends on a resource or a module with changes pending)
[0m [36m<=[0m[0m data "aws_eks_addon_version" "this" {
      [32m+[0m[0m addon_name         = "aws-ebs-csi-driver"
      [32m+[0m[0m id                 = (known after apply)
      [32m+[0m[0m kubernetes_version = "1.29"
      [32m+[0m[0m most_recent        = true
      [32m+[0m[0m version            = (known after apply)
    }

[1m  # module.eks.data.aws_eks_addon_version.this["coredns"][0m will be read during apply
  # (depends on a resource or a module with changes pending)
[0m [36m<=[0m[0m data "aws_eks_addon_version" "this" {
      [32m+[0m[0m addon_name         = "coredns"
      [32m+[0m[0m id                 = (known after apply)
      [32m+[0m[0m kubernetes_version = "1.29"
      [32m+[0m[0m most_recent        = true
      [32m+[0m[0m version            = (known after apply)
    }

[1m  # module.eks.data.aws_eks_addon_version.this["kube-proxy"][0m will be read during apply
  # (depends on a resource or a module with changes pending)
[0m [36m<=[0m[0m data "aws_eks_addon_version" "this" {
      [32m+[0m[0m addon_name         = "kube-proxy"
      [32m+[0m[0m id                 = (known after apply)
      [32m+[0m[0m kubernetes_version = "1.29"
      [32m+[0m[0m most_recent        = true
      [32m+[0m[0m version            = (known after apply)
    }

[1m  # module.eks.data.aws_eks_addon_version.this["vpc-cni"][0m will be read during apply
  # (depends on a resource or a module with changes pending)
[0m [36m<=[0m[0m data "aws_eks_addon_version" "this" {
      [32m+[0m[0m addon_name         = "vpc-cni"
      [32m+[0m[0m id                 = (known after apply)
      [32m+[0m[0m kubernetes_version = "1.29"
      [32m+[0m[0m most_recent        = true
      [32m+[0m[0m version            = (known after apply)
    }

[1m  # module.eks.data.aws_iam_policy_document.assume_role_policy[0][0m will be read during apply
  # (config refers to values not yet known)
[0m [36m<=[0m[0m data "aws_iam_policy_document" "assume_role_policy" {
      [32m+[0m[0m id            = (known after apply)
      [32m+[0m[0m json          = (known after apply)
      [32m+[0m[0m minified_json = (known after apply)

      [32m+[0m[0m statement {
          [32m+[0m[0m actions = [
              [32m+[0m[0m "sts:AssumeRole",
            ]
          [32m+[0m[0m sid     = "EKSClusterAssumeRole"

          [32m+[0m[0m principals {
              [32m+[0m[0m identifiers = [
                  [32m+[0m[0m (known after apply),
                ]
              [32m+[0m[0m type        = "Service"
            }
        }
    }

[1m  # module.eks.data.aws_iam_session_context.current[0m will be read during apply
  # (config refers to values not yet known)
[0m [36m<=[0m[0m data "aws_iam_session_context" "current" {
      [32m+[0m[0m arn          = (known after apply)
      [32m+[0m[0m id           = (known after apply)
      [32m+[0m[0m issuer_arn   = (known after apply)
      [32m+[0m[0m issuer_id    = (known after apply)
      [32m+[0m[0m issuer_name  = (known after apply)
      [32m+[0m[0m session_name = (known after apply)
    }

[1m  # module.eks.data.aws_partition.current[0m will be read during apply
  # (depends on a resource or a module with changes pending)
[0m [36m<=[0m[0m data "aws_partition" "current" {
      [32m+[0m[0m dns_suffix         = (known after apply)
      [32m+[0m[0m id                 = (known after apply)
      [32m+[0m[0m partition          = (known after apply)
      [32m+[0m[0m reverse_dns_prefix = (known after apply)
    }

[1m  # module.eks.data.tls_certificate.this[0][0m will be read during apply
  # (config refers to values not yet known)
[0m [36m<=[0m[0m data "tls_certificate" "this" {
      [32m+[0m[0m certificates = (known after apply)
      [32m+[0m[0m id           = (known after apply)
      [32m+[0m[0m url          = (known after apply)
    }

[1m  # module.eks.aws_cloudwatch_log_group.this[0][0m will be created
[0m  [32m+[0m[0m resource "aws_cloudwatch_log_group" "this" {
      [32m+[0m[0m arn               = (known after apply)
      [32m+[0m[0m id                = (known after apply)
      [32m+[0m[0m log_group_class   = (known after apply)
      [32m+[0m[0m name              = "/aws/eks/infraforge-dev/cluster"
      [32m+[0m[0m name_prefix       = (known after apply)
      [32m+[0m[0m retention_in_days = 90
      [32m+[0m[0m skip_destroy      = false
      [32m+[0m[0m tags              = {
          [32m+[0m[0m "Cluster"     = "infraforge-dev"
          [32m+[0m[0m "Environment" = "dev"
          [32m+[0m[0m "Name"        = "/aws/eks/infraforge-dev/cluster"
          [32m+[0m[0m "Tenant"      = "platform"
        }
      [32m+[0m[0m tags_all          = {
          [32m+[0m[0m "Cluster"     = "infraforge-dev"
          [32m+[0m[0m "Environment" = "dev"
          [32m+[0m[0m "ManagedBy"   = "OpenTofu"
          [32m+[0m[0m "Name"        = "/aws/eks/infraforge-dev/cluster"
          [32m+[0m[0m "Owner"       = "gokhan@infraforge.io"
          [32m+[0m[0m "Platform"    = "InfraForge"
          [32m+[0m[0m "Tenant"      = "platform"
        }
    }

[1m  # module.eks.aws_ec2_tag.cluster_primary_security_group["Cluster"][0m will be created
[0m  [32m+[0m[0m resource "aws_ec2_tag" "cluster_primary_security_group" {
      [32m+[0m[0m id          = (known after apply)
      [32m+[0m[0m key         = "Cluster"
      [32m+[0m[0m resource_id = (known after apply)
      [32m+[0m[0m value       = "infraforge-dev"
    }

[1m  # module.eks.aws_ec2_tag.cluster_primary_security_group["Environment"][0m will be created
[0m  [32m+[0m[0m resource "aws_ec2_tag" "cluster_primary_security_group" {
      [32m+[0m[0m id          = (known after apply)
      [32m+[0m[0m key         = "Environment"
      [32m+[0m[0m resource_id = (known after apply)
      [32m+[0m[0m value       = "dev"
    }

[1m  # module.eks.aws_ec2_tag.cluster_primary_security_group["Tenant"][0m will be created
[0m  [32m+[0m[0m resource "aws_ec2_tag" "cluster_primary_security_group" {
      [32m+[0m[0m id          = (known after apply)
      [32m+[0m[0m key         = "Tenant"
      [32m+[0m[0m resource_id = (known after apply)
      [32m+[0m[0m value       = "platform"
    }

[1m  # module.eks.aws_eks_cluster.this[0][0m will be created
[0m  [32m+[0m[0m resource "aws_eks_cluster" "this" {
      [32m+[0m[0m arn                           = (known after apply)
      [32m+[0m[0m bootstrap_self_managed_addons = true
      [32m+[0m[0m certificate_authority         = (known after apply)
      [32m+[0m[0m cluster_id                    = (known after apply)
      [32m+[0m[0m created_at                    = (known after apply)
      [32m+[0m[0m enabled_cluster_log_types     = [
          [32m+[0m[0m "api",
          [32m+[0m[0m "audit",
          [32m+[0m[0m "authenticator",
        ]
      [32m+[0m[0m endpoint                      = (known after apply)
      [32m+[0m[0m id                            = (known after apply)
      [32m+[0m[0m identity                      = (known after apply)
      [32m+[0m[0m name                          = "infraforge-dev"
      [32m+[0m[0m platform_version              = (known after apply)
      [32m+[0m[0m role_arn                      = (known after apply)
      [32m+[0m[0m status                        = (known after apply)
      [32m+[0m[0m tags                          = {
          [32m+[0m[0m "Cluster"     = "infraforge-dev"
          [32m+[0m[0m "Environment" = "dev"
          [32m+[0m[0m "Tenant"      = "platform"
        }
      [32m+[0m[0m tags_all                      = {
          [32m+[0m[0m "Cluster"     = "infraforge-dev"
          [32m+[0m[0m "Environment" = "dev"
          [32m+[0m[0m "ManagedBy"   = "OpenTofu"
          [32m+[0m[0m "Owner"       = "gokhan@infraforge.io"
          [32m+[0m[0m "Platform"    = "InfraForge"
          [32m+[0m[0m "Tenant"      = "platform"
        }
      [32m+[0m[0m version                       = "1.29"

      [32m+[0m[0m access_config (known after apply)

      [32m+[0m[0m encryption_config {
          [32m+[0m[0m resources = [
              [32m+[0m[0m "secrets",
            ]

          [32m+[0m[0m provider {
              [32m+[0m[0m key_arn = (known after apply)
            }
        }

      [32m+[0m[0m kubernetes_network_config {
          [32m+[0m[0m ip_family         = (known after apply)
          [32m+[0m[0m service_ipv4_cidr = (known after apply)
          [32m+[0m[0m service_ipv6_cidr = (known after apply)

          [32m+[0m[0m elastic_load_balancing (known after apply)
        }

      [32m+[0m[0m timeouts {}

      [32m+[0m[0m upgrade_policy (known after apply)

      [32m+[0m[0m vpc_config {
          [32m+[0m[0m cluster_security_group_id = (known after apply)
          [32m+[0m[0m endpoint_private_access   = true
          [32m+[0m[0m endpoint_public_access    = true
          [32m+[0m[0m public_access_cidrs       = [
              [32m+[0m[0m "0.0.0.0/0",
            ]
          [32m+[0m[0m security_group_ids        = (known after apply)
          [32m+[0m[0m subnet_ids                = [
              [32m+[0m[0m "subnet-0336cce74954ce09e",
              [32m+[0m[0m "subnet-0393bdbb3484ae441",
              [32m+[0m[0m "subnet-05ca8068a70d84652",
            ]
          [32m+[0m[0m vpc_id                    = (known after apply)
        }
    }

[1m  # module.eks.aws_iam_openid_connect_provider.oidc_provider[0][0m will be created
[0m  [32m+[0m[0m resource "aws_iam_openid_connect_provider" "oidc_provider" {
      [32m+[0m[0m arn             = (known after apply)
      [32m+[0m[0m client_id_list  = (known after apply)
      [32m+[0m[0m id              = (known after apply)
      [32m+[0m[0m tags            = {
          [32m+[0m[0m "Cluster"     = "infraforge-dev"
          [32m+[0m[0m "Environment" = "dev"
          [32m+[0m[0m "Name"        = "infraforge-dev-eks-irsa"
          [32m+[0m[0m "Tenant"      = "platform"
        }
      [32m+[0m[0m tags_all        = {
          [32m+[0m[0m "Cluster"     = "infraforge-dev"
          [32m+[0m[0m "Environment" = "dev"
          [32m+[0m[0m "ManagedBy"   = "OpenTofu"
          [32m+[0m[0m "Name"        = "infraforge-dev-eks-irsa"
          [32m+[0m[0m "Owner"       = "gokhan@infraforge.io"
          [32m+[0m[0m "Platform"    = "InfraForge"
          [32m+[0m[0m "Tenant"      = "platform"
        }
      [32m+[0m[0m thumbprint_list = (known after apply)
      [32m+[0m[0m url             = (known after apply)
    }

[1m  # module.eks.aws_iam_policy.cluster_encryption[0][0m will be created
[0m  [32m+[0m[0m resource "aws_iam_policy" "cluster_encryption" {
      [32m+[0m[0m arn              = (known after apply)
      [32m+[0m[0m attachment_count = (known after apply)
      [32m+[0m[0m description      = "Cluster encryption policy to allow cluster role to utilize CMK provided"
      [32m+[0m[0m id               = (known after apply)
      [32m+[0m[0m name             = (known after apply)
      [32m+[0m[0m name_prefix      = "infraforge-dev-cluster-ClusterEncryption"
      [32m+[0m[0m path             = "/"
      [32m+[0m[0m policy           = (known after apply)
      [32m+[0m[0m policy_id        = (known after apply)
      [32m+[0m[0m tags             = {
          [32m+[0m[0m "Cluster"     = "infraforge-dev"
          [32m+[0m[0m "Environment" = "dev"
          [32m+[0m[0m "Tenant"      = "platform"
        }
      [32m+[0m[0m tags_all         = {
          [32m+[0m[0m "Cluster"     = "infraforge-dev"
          [32m+[0m[0m "Environment" = "dev"
          [32m+[0m[0m "ManagedBy"   = "OpenTofu"
          [32m+[0m[0m "Owner"       = "gokhan@infraforge.io"
          [32m+[0m[0m "Platform"    = "InfraForge"
          [32m+[0m[0m "Tenant"      = "platform"
        }
    }

[1m  # module.eks.aws_iam_role.this[0][0m will be created
[0m  [32m+[0m[0m resource "aws_iam_role" "this" {
      [32m+[0m[0m arn                   = (known after apply)
      [32m+[0m[0m assume_role_policy    = (known after apply)
      [32m+[0m[0m create_date           = (known after apply)
      [32m+[0m[0m force_detach_policies = true
      [32m+[0m[0m id                    = (known after apply)
      [32m+[0m[0m managed_policy_arns   = (known after apply)
      [32m+[0m[0m max_session_duration  = 3600
      [32m+[0m[0m name                  = (known after apply)
      [32m+[0m[0m name_prefix           = "infraforge-dev-cluster-"
      [32m+[0m[0m path                  = "/"
      [32m+[0m[0m tags                  = {
          [32m+[0m[0m "Cluster"     = "infraforge-dev"
          [32m+[0m[0m "Environment" = "dev"
          [32m+[0m[0m "Tenant"      = "platform"
        }
      [32m+[0m[0m tags_all              = {
          [32m+[0m[0m "Cluster"     = "infraforge-dev"
          [32m+[0m[0m "Environment" = "dev"
          [32m+[0m[0m "ManagedBy"   = "OpenTofu"
          [32m+[0m[0m "Owner"       = "gokhan@infraforge.io"
          [32m+[0m[0m "Platform"    = "InfraForge"
          [32m+[0m[0m "Tenant"      = "platform"
        }
      [32m+[0m[0m unique_id             = (known after apply)

      [32m+[0m[0m inline_policy {
          [32m+[0m[0m name   = "infraforge-dev-cluster"
          [32m+[0m[0m policy = jsonencode(
                {
                  [32m+[0m[0m Statement = [
                      [32m+[0m[0m {
                          [32m+[0m[0m Action   = [
                              [32m+[0m[0m "logs:CreateLogGroup",
                            ]
                          [32m+[0m[0m Effect   = "Deny"
                          [32m+[0m[0m Resource = "*"
                        },
                    ]
                  [32m+[0m[0m Version   = "2012-10-17"
                }
            )
        }
    }

[1m  # module.eks.aws_iam_role_policy_attachment.cluster_encryption[0][0m will be created
[0m  [32m+[0m[0m resource "aws_iam_role_policy_attachment" "cluster_encryption" {
      [32m+[0m[0m id         = (known after apply)
      [32m+[0m[0m policy_arn = (known after apply)
      [32m+[0m[0m role       = (known after apply)
    }

[1m  # module.eks.aws_iam_role_policy_attachment.this["AmazonEKSClusterPolicy"][0m will be created
[0m  [32m+[0m[0m resource "aws_iam_role_policy_attachment" "this" {
      [32m+[0m[0m id         = (known after apply)
      [32m+[0m[0m policy_arn = (known after apply)
      [32m+[0m[0m role       = (known after apply)
    }

[1m  # module.eks.aws_iam_role_policy_attachment.this["AmazonEKSVPCResourceController"][0m will be created
[0m  [32m+[0m[0m resource "aws_iam_role_policy_attachment" "this" {
      [32m+[0m[0m id         = (known after apply)
      [32m+[0m[0m policy_arn = (known after apply)
      [32m+[0m[0m role       = (known after apply)
    }

[1m  # module.eks.aws_security_group.cluster[0][0m will be created
[0m  [32m+[0m[0m resource "aws_security_group" "cluster" {
      [32m+[0m[0m arn                    = (known after apply)
      [32m+[0m[0m description            = "EKS cluster security group"
      [32m+[0m[0m egress                 = (known after apply)
      [32m+[0m[0m id                     = (known after apply)
      [32m+[0m[0m ingress                = (known after apply)
      [32m+[0m[0m name                   = (known after apply)
      [32m+[0m[0m name_prefix            = "infraforge-dev-cluster-"
      [32m+[0m[0m owner_id               = (known after apply)
      [32m+[0m[0m revoke_rules_on_delete = false
      [32m+[0m[0m tags                   = {
          [32m+[0m[0m "Cluster"     = "infraforge-dev"
          [32m+[0m[0m "Environment" = "dev"
          [32m+[0m[0m "Name"        = "infraforge-dev-cluster"
          [32m+[0m[0m "Tenant"      = "platform"
        }
      [32m+[0m[0m tags_all               = {
          [32m+[0m[0m "Cluster"     = "infraforge-dev"
          [32m+[0m[0m "Environment" = "dev"
          [32m+[0m[0m "ManagedBy"   = "OpenTofu"
          [32m+[0m[0m "Name"        = "infraforge-dev-cluster"
          [32m+[0m[0m "Owner"       = "gokhan@infraforge.io"
          [32m+[0m[0m "Platform"    = "InfraForge"
          [32m+[0m[0m "Tenant"      = "platform"
        }
      [32m+[0m[0m vpc_id                 = "vpc-000a0bc71bfc8a387"
    }

[1m  # module.eks.aws_security_group.node[0][0m will be created
[0m  [32m+[0m[0m resource "aws_security_group" "node" {
      [32m+[0m[0m arn                    = (known after apply)
      [32m+[0m[0m description            = "EKS node shared security group"
      [32m+[0m[0m egress                 = (known after apply)
      [32m+[0m[0m id                     = (known after apply)
      [32m+[0m[0m ingress                = (known after apply)
      [32m+[0m[0m name                   = (known after apply)
      [32m+[0m[0m name_prefix            = "infraforge-dev-node-"
      [32m+[0m[0m owner_id               = (known after apply)
      [32m+[0m[0m revoke_rules_on_delete = false
      [32m+[0m[0m tags                   = {
          [32m+[0m[0m "Cluster"                              = "infraforge-dev"
          [32m+[0m[0m "Environment"                          = "dev"
          [32m+[0m[0m "Name"                                 = "infraforge-dev-node"
          [32m+[0m[0m "Tenant"                               = "platform"
          [32m+[0m[0m "kubernetes.io/cluster/infraforge-dev" = "owned"
        }
      [32m+[0m[0m tags_all               = {
          [32m+[0m[0m "Cluster"                              = "infraforge-dev"
          [32m+[0m[0m "Environment"                          = "dev"
          [32m+[0m[0m "ManagedBy"                            = "OpenTofu"
          [32m+[0m[0m "Name"                                 = "infraforge-dev-node"
          [32m+[0m[0m "Owner"                                = "gokhan@infraforge.io"
          [32m+[0m[0m "Platform"                             = "InfraForge"
          [32m+[0m[0m "Tenant"                               = "platform"
          [32m+[0m[0m "kubernetes.io/cluster/infraforge-dev" = "owned"
        }
      [32m+[0m[0m vpc_id                 = "vpc-000a0bc71bfc8a387"
    }

[1m  # module.eks.aws_security_group_rule.cluster["ingress_nodes_443"][0m will be created
[0m  [32m+[0m[0m resource "aws_security_group_rule" "cluster" {
      [32m+[0m[0m description              = "Node groups to cluster API"
      [32m+[0m[0m from_port                = 443
      [32m+[0m[0m id                       = (known after apply)
      [32m+[0m[0m protocol                 = "tcp"
      [32m+[0m[0m security_group_id        = (known after apply)
      [32m+[0m[0m security_group_rule_id   = (known after apply)
      [32m+[0m[0m self                     = false
      [32m+[0m[0m source_security_group_id = (known after apply)
      [32m+[0m[0m to_port                  = 443
      [32m+[0m[0m type                     = "ingress"
    }

[1m  # module.eks.aws_security_group_rule.node["egress_all"][0m will be created
[0m  [32m+[0m[0m resource "aws_security_group_rule" "node" {
      [32m+[0m[0m cidr_blocks              = [
          [32m+[0m[0m "0.0.0.0/0",
        ]
      [32m+[0m[0m description              = "Allow all egress"
      [32m+[0m[0m from_port                = 0
      [32m+[0m[0m id                       = (known after apply)
      [32m+[0m[0m prefix_list_ids          = []
      [32m+[0m[0m protocol                 = "-1"
      [32m+[0m[0m security_group_id        = (known after apply)
      [32m+[0m[0m security_group_rule_id   = (known after apply)
      [32m+[0m[0m self                     = false
      [32m+[0m[0m source_security_group_id = (known after apply)
      [32m+[0m[0m to_port                  = 0
      [32m+[0m[0m type                     = "egress"
    }

[1m  # module.eks.aws_security_group_rule.node["ingress_cluster_443"][0m will be created
[0m  [32m+[0m[0m resource "aws_security_group_rule" "node" {
      [32m+[0m[0m description              = "Cluster API to node groups"
      [32m+[0m[0m from_port                = 443
      [32m+[0m[0m id                       = (known after apply)
      [32m+[0m[0m prefix_list_ids          = []
      [32m+[0m[0m protocol                 = "tcp"
      [32m+[0m[0m security_group_id        = (known after apply)
      [32m+[0m[0m security_group_rule_id   = (known after apply)
      [32m+[0m[0m self                     = false
      [32m+[0m[0m source_security_group_id = (known after apply)
      [32m+[0m[0m to_port                  = 443
      [32m+[0m[0m type                     = "ingress"
    }

[1m  # module.eks.aws_security_group_rule.node["ingress_cluster_4443_webhook"][0m will be created
[0m  [32m+[0m[0m resource "aws_security_group_rule" "node" {
      [32m+[0m[0m description              = "Cluster API to node 4443/tcp webhook"
      [32m+[0m[0m from_port                = 4443
      [32m+[0m[0m id                       = (known after apply)
      [32m+[0m[0m prefix_list_ids          = []
      [32m+[0m[0m protocol                 = "tcp"
      [32m+[0m[0m security_group_id        = (known after apply)
      [32m+[0m[0m security_group_rule_id   = (known after apply)
      [32m+[0m[0m self                     = false
      [32m+[0m[0m source_security_group_id = (known after apply)
      [32m+[0m[0m to_port                  = 4443
      [32m+[0m[0m type                     = "ingress"
    }

[1m  # module.eks.aws_security_group_rule.node["ingress_cluster_6443_webhook"][0m will be created
[0m  [32m+[0m[0m resource "aws_security_group_rule" "node" {
      [32m+[0m[0m description              = "Cluster API to node 6443/tcp webhook"
      [32m+[0m[0m from_port                = 6443
      [32m+[0m[0m id                       = (known after apply)
      [32m+[0m[0m prefix_list_ids          = []
      [32m+[0m[0m protocol                 = "tcp"
      [32m+[0m[0m security_group_id        = (known after apply)
      [32m+[0m[0m security_group_rule_id   = (known after apply)
      [32m+[0m[0m self                     = false
      [32m+[0m[0m source_security_group_id = (known after apply)
      [32m+[0m[0m to_port                  = 6443
      [32m+[0m[0m type                     = "ingress"
    }

[1m  # module.eks.aws_security_group_rule.node["ingress_cluster_8443_webhook"][0m will be created
[0m  [32m+[0m[0m resource "aws_security_group_rule" "node" {
      [32m+[0m[0m description              = "Cluster API to node 8443/tcp webhook"
      [32m+[0m[0m from_port                = 8443
      [32m+[0m[0m id                       = (known after apply)
      [32m+[0m[0m prefix_list_ids          = []
      [32m+[0m[0m protocol                 = "tcp"
      [32m+[0m[0m security_group_id        = (known after apply)
      [32m+[0m[0m security_group_rule_id   = (known after apply)
      [32m+[0m[0m self                     = false
      [32m+[0m[0m source_security_group_id = (known after apply)
      [32m+[0m[0m to_port                  = 8443
      [32m+[0m[0m type                     = "ingress"
    }

[1m  # module.eks.aws_security_group_rule.node["ingress_cluster_9443_webhook"][0m will be created
[0m  [32m+[0m[0m resource "aws_security_group_rule" "node" {
      [32m+[0m[0m description              = "Cluster API to node 9443/tcp webhook"
      [32m+[0m[0m from_port                = 9443
      [32m+[0m[0m id                       = (known after apply)
      [32m+[0m[0m prefix_list_ids          = []
      [32m+[0m[0m protocol                 = "tcp"
      [32m+[0m[0m security_group_id        = (known after apply)
      [32m+[0m[0m security_group_rule_id   = (known after apply)
      [32m+[0m[0m self                     = false
      [32m+[0m[0m source_security_group_id = (known after apply)
      [32m+[0m[0m to_port                  = 9443
      [32m+[0m[0m type                     = "ingress"
    }

[1m  # module.eks.aws_security_group_rule.node["ingress_cluster_kubelet"][0m will be created
[0m  [32m+[0m[0m resource "aws_security_group_rule" "node" {
      [32m+[0m[0m description              = "Cluster API to node kubelets"
      [32m+[0m[0m from_port                = 10250
      [32m+[0m[0m id                       = (known after apply)
      [32m+[0m[0m prefix_list_ids          = []
      [32m+[0m[0m protocol                 = "tcp"
      [32m+[0m[0m security_group_id        = (known after apply)
      [32m+[0m[0m security_group_rule_id   = (known after apply)
      [32m+[0m[0m self                     = false
      [32m+[0m[0m source_security_group_id = (known after apply)
      [32m+[0m[0m to_port                  = 10250
      [32m+[0m[0m type                     = "ingress"
    }

[1m  # module.eks.aws_security_group_rule.node["ingress_nodes_ephemeral"][0m will be created
[0m  [32m+[0m[0m resource "aws_security_group_rule" "node" {
      [32m+[0m[0m description              = "Node to node ingress on ephemeral ports"
      [32m+[0m[0m from_port                = 1025
      [32m+[0m[0m id                       = (known after apply)
      [32m+[0m[0m prefix_list_ids          = []
      [32m+[0m[0m protocol                 = "tcp"
      [32m+[0m[0m security_group_id        = (known after apply)
      [32m+[0m[0m security_group_rule_id   = (known after apply)
      [32m+[0m[0m self                     = true
      [32m+[0m[0m source_security_group_id = (known after apply)
      [32m+[0m[0m to_port                  = 65535
      [32m+[0m[0m type                     = "ingress"
    }

[1m  # module.eks.aws_security_group_rule.node["ingress_self_coredns_tcp"][0m will be created
[0m  [32m+[0m[0m resource "aws_security_group_rule" "node" {
      [32m+[0m[0m description              = "Node to node CoreDNS"
      [32m+[0m[0m from_port                = 53
      [32m+[0m[0m id                       = (known after apply)
      [32m+[0m[0m prefix_list_ids          = []
      [32m+[0m[0m protocol                 = "tcp"
      [32m+[0m[0m security_group_id        = (known after apply)
      [32m+[0m[0m security_group_rule_id   = (known after apply)
      [32m+[0m[0m self                     = true
      [32m+[0m[0m source_security_group_id = (known after apply)
      [32m+[0m[0m to_port                  = 53
      [32m+[0m[0m type                     = "ingress"
    }

[1m  # module.eks.aws_security_group_rule.node["ingress_self_coredns_udp"][0m will be created
[0m  [32m+[0m[0m resource "aws_security_group_rule" "node" {
      [32m+[0m[0m description              = "Node to node CoreDNS UDP"
      [32m+[0m[0m from_port                = 53
      [32m+[0m[0m id                       = (known after apply)
      [32m+[0m[0m prefix_list_ids          = []
      [32m+[0m[0m protocol                 = "udp"
      [32m+[0m[0m security_group_id        = (known after apply)
      [32m+[0m[0m security_group_rule_id   = (known after apply)
      [32m+[0m[0m self                     = true
      [32m+[0m[0m source_security_group_id = (known after apply)
      [32m+[0m[0m to_port                  = 53
      [32m+[0m[0m type                     = "ingress"
    }

[1m  # module.eks.time_sleep.this[0][0m will be created
[0m  [32m+[0m[0m resource "time_sleep" "this" {
      [32m+[0m[0m create_duration = "30s"
      [32m+[0m[0m id              = (known after apply)
      [32m+[0m[0m triggers        = {
          [32m+[0m[0m "cluster_certificate_authority_data" = (known after apply)
          [32m+[0m[0m "cluster_endpoint"                   = (known after apply)
          [32m+[0m[0m "cluster_name"                       = "infraforge-dev"
          [32m+[0m[0m "cluster_version"                    = "1.29"
        }
    }

[1m  # module.eks.module.eks_managed_node_group["general"].data.aws_caller_identity.current[0m will be read during apply
  # (depends on a resource or a module with changes pending)
[0m [36m<=[0m[0m data "aws_caller_identity" "current" {
      [32m+[0m[0m account_id = (known after apply)
      [32m+[0m[0m arn        = (known after apply)
      [32m+[0m[0m id         = (known after apply)
      [32m+[0m[0m user_id    = (known after apply)
    }

[1m  # module.eks.module.eks_managed_node_group["general"].data.aws_iam_policy_document.assume_role_policy[0][0m will be read during apply
  # (config refers to values not yet known)
[0m [36m<=[0m[0m data "aws_iam_policy_document" "assume_role_policy" {
      [32m+[0m[0m id            = (known after apply)
      [32m+[0m[0m json          = (known after apply)
      [32m+[0m[0m minified_json = (known after apply)

      [32m+[0m[0m statement {
          [32m+[0m[0m actions = [
              [32m+[0m[0m "sts:AssumeRole",
            ]
          [32m+[0m[0m sid     = "EKSNodeAssumeRole"

          [32m+[0m[0m principals {
              [32m+[0m[0m identifiers = [
                  [32m+[0m[0m (known after apply),
                ]
              [32m+[0m[0m type        = "Service"
            }
        }
    }

[1m  # module.eks.module.eks_managed_node_group["general"].data.aws_partition.current[0m will be read during apply
  # (depends on a resource or a module with changes pending)
[0m [36m<=[0m[0m data "aws_partition" "current" {
      [32m+[0m[0m dns_suffix         = (known after apply)
      [32m+[0m[0m id                 = (known after apply)
      [32m+[0m[0m partition          = (known after apply)
      [32m+[0m[0m reverse_dns_prefix = (known after apply)
    }

[1m  # module.eks.module.eks_managed_node_group["general"].aws_iam_role.this[0][0m will be created
[0m  [32m+[0m[0m resource "aws_iam_role" "this" {
      [32m+[0m[0m arn                   = (known after apply)
      [32m+[0m[0m assume_role_policy    = (known after apply)
      [32m+[0m[0m create_date           = (known after apply)
      [32m+[0m[0m description           = "EKS managed node group IAM role"
      [32m+[0m[0m force_detach_policies = true
      [32m+[0m[0m id                    = (known after apply)
      [32m+[0m[0m managed_policy_arns   = (known after apply)
      [32m+[0m[0m max_session_duration  = 3600
      [32m+[0m[0m name                  = (known after apply)
      [32m+[0m[0m name_prefix           = "infraforge-dev-general-eks-node-group-"
      [32m+[0m[0m path                  = "/"
      [32m+[0m[0m tags                  = {
          [32m+[0m[0m "Cluster"     = "infraforge-dev"
          [32m+[0m[0m "Environment" = "dev"
          [32m+[0m[0m "Tenant"      = "platform"
        }
      [32m+[0m[0m tags_all              = {
          [32m+[0m[0m "Cluster"     = "infraforge-dev"
          [32m+[0m[0m "Environment" = "dev"
          [32m+[0m[0m "ManagedBy"   = "OpenTofu"
          [32m+[0m[0m "Owner"       = "gokhan@infraforge.io"
          [32m+[0m[0m "Platform"    = "InfraForge"
          [32m+[0m[0m "Tenant"      = "platform"
        }
      [32m+[0m[0m unique_id             = (known after apply)

      [32m+[0m[0m inline_policy (known after apply)
    }

[1m  # module.eks.module.eks_managed_node_group["system"].data.aws_caller_identity.current[0m will be read during apply
  # (depends on a resource or a module with changes pending)
[0m [36m<=[0m[0m data "aws_caller_identity" "current" {
      [32m+[0m[0m account_id = (known after apply)
      [32m+[0m[0m arn        = (known after apply)
      [32m+[0m[0m id         = (known after apply)
      [32m+[0m[0m user_id    = (known after apply)
    }

[1m  # module.eks.module.eks_managed_node_group["system"].data.aws_iam_policy_document.assume_role_policy[0][0m will be read during apply
  # (config refers to values not yet known)
[0m [36m<=[0m[0m data "aws_iam_policy_document" "assume_role_policy" {
      [32m+[0m[0m id            = (known after apply)
      [32m+[0m[0m json          = (known after apply)
      [32m+[0m[0m minified_json = (known after apply)

      [32m+[0m[0m statement {
          [32m+[0m[0m actions = [
              [32m+[0m[0m "sts:AssumeRole",
            ]
          [32m+[0m[0m sid     = "EKSNodeAssumeRole"

          [32m+[0m[0m principals {
              [32m+[0m[0m identifiers = [
                  [32m+[0m[0m (known after apply),
                ]
              [32m+[0m[0m type        = "Service"
            }
        }
    }

[1m  # module.eks.module.eks_managed_node_group["system"].data.aws_partition.current[0m will be read during apply
  # (depends on a resource or a module with changes pending)
[0m [36m<=[0m[0m data "aws_partition" "current" {
      [32m+[0m[0m dns_suffix         = (known after apply)
      [32m+[0m[0m id                 = (known after apply)
      [32m+[0m[0m partition          = (known after apply)
      [32m+[0m[0m reverse_dns_prefix = (known after apply)
    }

[1m  # module.eks.module.eks_managed_node_group["system"].aws_iam_role.this[0][0m will be created
[0m  [32m+[0m[0m resource "aws_iam_role" "this" {
      [32m+[0m[0m arn                   = (known after apply)
      [32m+[0m[0m assume_role_policy    = (known after apply)
      [32m+[0m[0m create_date           = (known after apply)
      [32m+[0m[0m description           = "EKS managed node group IAM role"
      [32m+[0m[0m force_detach_policies = true
      [32m+[0m[0m id                    = (known after apply)
      [32m+[0m[0m managed_policy_arns   = (known after apply)
      [32m+[0m[0m max_session_duration  = 3600
      [32m+[0m[0m name                  = (known after apply)
      [32m+[0m[0m name_prefix           = "infraforge-dev-system-eks-node-group-"
      [32m+[0m[0m path                  = "/"
      [32m+[0m[0m tags                  = {
          [32m+[0m[0m "Cluster"     = "infraforge-dev"
          [32m+[0m[0m "Environment" = "dev"
          [32m+[0m[0m "Tenant"      = "platform"
        }
      [32m+[0m[0m tags_all              = {
          [32m+[0m[0m "Cluster"     = "infraforge-dev"
          [32m+[0m[0m "Environment" = "dev"
          [32m+[0m[0m "ManagedBy"   = "OpenTofu"
          [32m+[0m[0m "Owner"       = "gokhan@infraforge.io"
          [32m+[0m[0m "Platform"    = "InfraForge"
          [32m+[0m[0m "Tenant"      = "platform"
        }
      [32m+[0m[0m unique_id             = (known after apply)

      [32m+[0m[0m inline_policy (known after apply)
    }

[1m  # module.eks.module.fargate_profile["system"].data.aws_caller_identity.current[0m will be read during apply
  # (depends on a resource or a module with changes pending)
[0m [36m<=[0m[0m data "aws_caller_identity" "current" {
      [32m+[0m[0m account_id = (known after apply)
      [32m+[0m[0m arn        = (known after apply)
      [32m+[0m[0m id         = (known after apply)
      [32m+[0m[0m user_id    = (known after apply)
    }

[1m  # module.eks.module.fargate_profile["system"].data.aws_iam_policy_document.assume_role_policy[0][0m will be read during apply
  # (depends on a resource or a module with changes pending)
[0m [36m<=[0m[0m data "aws_iam_policy_document" "assume_role_policy" {
      [32m+[0m[0m id            = (known after apply)
      [32m+[0m[0m json          = (known after apply)
      [32m+[0m[0m minified_json = (known after apply)

      [32m+[0m[0m statement {
          [32m+[0m[0m actions = [
              [32m+[0m[0m "sts:AssumeRole",
            ]
          [32m+[0m[0m effect  = "Allow"

          [32m+[0m[0m principals {
              [32m+[0m[0m identifiers = [
                  [32m+[0m[0m "eks-fargate-pods.amazonaws.com",
                ]
              [32m+[0m[0m type        = "Service"
            }
        }
    }

[1m  # module.eks.module.fargate_profile["system"].data.aws_partition.current[0m will be read during apply
  # (depends on a resource or a module with changes pending)
[0m [36m<=[0m[0m data "aws_partition" "current" {
      [32m+[0m[0m dns_suffix         = (known after apply)
      [32m+[0m[0m id                 = (known after apply)
      [32m+[0m[0m partition          = (known after apply)
      [32m+[0m[0m reverse_dns_prefix = (known after apply)
    }

[1m  # module.eks.module.fargate_profile["system"].aws_eks_fargate_profile.this[0][0m will be created
[0m  [32m+[0m[0m resource "aws_eks_fargate_profile" "this" {
      [32m+[0m[0m arn                    = (known after apply)
      [32m+[0m[0m cluster_name           = "infraforge-dev"
      [32m+[0m[0m fargate_profile_name   = "system"
      [32m+[0m[0m id                     = (known after apply)
      [32m+[0m[0m pod_execution_role_arn = (known after apply)
      [32m+[0m[0m status                 = (known after apply)
      [32m+[0m[0m subnet_ids             = [
          [32m+[0m[0m "subnet-0336cce74954ce09e",
          [32m+[0m[0m "subnet-0393bdbb3484ae441",
          [32m+[0m[0m "subnet-05ca8068a70d84652",
        ]
      [32m+[0m[0m tags                   = {
          [32m+[0m[0m "Cluster"     = "infraforge-dev"
          [32m+[0m[0m "Environment" = "dev"
          [32m+[0m[0m "Tenant"      = "platform"
        }
      [32m+[0m[0m tags_all               = {
          [32m+[0m[0m "Cluster"     = "infraforge-dev"
          [32m+[0m[0m "Environment" = "dev"
          [32m+[0m[0m "ManagedBy"   = "OpenTofu"
          [32m+[0m[0m "Owner"       = "gokhan@infraforge.io"
          [32m+[0m[0m "Platform"    = "InfraForge"
          [32m+[0m[0m "Tenant"      = "platform"
        }

      [32m+[0m[0m selector {
          [32m+[0m[0m namespace = "cert-manager"
        }
      [32m+[0m[0m selector {
          [32m+[0m[0m namespace = "external-dns"
        }
      [32m+[0m[0m selector {
          [32m+[0m[0m namespace = "velero"
        }

      [32m+[0m[0m timeouts {}
    }

[1m  # module.eks.module.fargate_profile["system"].aws_iam_role.this[0][0m will be created
[0m  [32m+[0m[0m resource "aws_iam_role" "this" {
      [32m+[0m[0m arn                   = (known after apply)
      [32m+[0m[0m assume_role_policy    = (known after apply)
      [32m+[0m[0m create_date           = (known after apply)
      [32m+[0m[0m description           = "Fargate profile IAM role"
      [32m+[0m[0m force_detach_policies = true
      [32m+[0m[0m id                    = (known after apply)
      [32m+[0m[0m managed_policy_arns   = (known after apply)
      [32m+[0m[0m max_session_duration  = 3600
      [32m+[0m[0m name                  = (known after apply)
      [32m+[0m[0m name_prefix           = "system-"
      [32m+[0m[0m path                  = "/"
      [32m+[0m[0m tags                  = {
          [32m+[0m[0m "Cluster"     = "infraforge-dev"
          [32m+[0m[0m "Environment" = "dev"
          [32m+[0m[0m "Tenant"      = "platform"
        }
      [32m+[0m[0m tags_all              = {
          [32m+[0m[0m "Cluster"     = "infraforge-dev"
          [32m+[0m[0m "Environment" = "dev"
          [32m+[0m[0m "ManagedBy"   = "OpenTofu"
          [32m+[0m[0m "Owner"       = "gokhan@infraforge.io"
          [32m+[0m[0m "Platform"    = "InfraForge"
          [32m+[0m[0m "Tenant"      = "platform"
        }
      [32m+[0m[0m unique_id             = (known after apply)

      [32m+[0m[0m inline_policy (known after apply)
    }

[1m  # module.eks.module.kms.data.aws_caller_identity.current[0][0m will be read during apply
  # (depends on a resource or a module with changes pending)
[0m [36m<=[0m[0m data "aws_caller_identity" "current" {
      [32m+[0m[0m account_id = (known after apply)
      [32m+[0m[0m arn        = (known after apply)
      [32m+[0m[0m id         = (known after apply)
      [32m+[0m[0m user_id    = (known after apply)
    }

[1m  # module.eks.module.kms.data.aws_iam_policy_document.this[0][0m will be read during apply
  # (config refers to values not yet known)
[0m [36m<=[0m[0m data "aws_iam_policy_document" "this" {
      [32m+[0m[0m id                        = (known after apply)
      [32m+[0m[0m json                      = (known after apply)
      [32m+[0m[0m minified_json             = (known after apply)
      [32m+[0m[0m override_policy_documents = []
      [32m+[0m[0m source_policy_documents   = []

      [32m+[0m[0m statement {
          [32m+[0m[0m actions   = [
              [32m+[0m[0m "kms:CancelKeyDeletion",
              [32m+[0m[0m "kms:Create*",
              [32m+[0m[0m "kms:Delete*",
              [32m+[0m[0m "kms:Describe*",
              [32m+[0m[0m "kms:Disable*",
              [32m+[0m[0m "kms:Enable*",
              [32m+[0m[0m "kms:Get*",
              [32m+[0m[0m "kms:ImportKeyMaterial",
              [32m+[0m[0m "kms:List*",
              [32m+[0m[0m "kms:Put*",
              [32m+[0m[0m "kms:ReplicateKey",
              [32m+[0m[0m "kms:Revoke*",
              [32m+[0m[0m "kms:ScheduleKeyDeletion",
              [32m+[0m[0m "kms:TagResource",
              [32m+[0m[0m "kms:UntagResource",
              [32m+[0m[0m "kms:Update*",
            ]
          [32m+[0m[0m resources = [
              [32m+[0m[0m "*",
            ]
          [32m+[0m[0m sid       = "KeyAdministration"

          [32m+[0m[0m principals {
              [32m+[0m[0m identifiers = [
                  [32m+[0m[0m (known after apply),
                ]
              [32m+[0m[0m type        = "AWS"
            }
        }
      [32m+[0m[0m statement {
          [32m+[0m[0m actions   = [
              [32m+[0m[0m "kms:Decrypt",
              [32m+[0m[0m "kms:DescribeKey",
              [32m+[0m[0m "kms:Encrypt",
              [32m+[0m[0m "kms:GenerateDataKey*",
              [32m+[0m[0m "kms:ReEncrypt*",
            ]
          [32m+[0m[0m resources = [
              [32m+[0m[0m "*",
            ]
          [32m+[0m[0m sid       = "KeyUsage"

          [32m+[0m[0m principals {
              [32m+[0m[0m identifiers = [
                  [32m+[0m[0m (known after apply),
                ]
              [32m+[0m[0m type        = "AWS"
            }
        }
    }

[1m  # module.eks.module.kms.data.aws_partition.current[0][0m will be read during apply
  # (depends on a resource or a module with changes pending)
[0m [36m<=[0m[0m data "aws_partition" "current" {
      [32m+[0m[0m dns_suffix         = (known after apply)
      [32m+[0m[0m id                 = (known after apply)
      [32m+[0m[0m partition          = (known after apply)
      [32m+[0m[0m reverse_dns_prefix = (known after apply)
    }

[1m  # module.eks.module.kms.aws_kms_alias.this["cluster"][0m will be created
[0m  [32m+[0m[0m resource "aws_kms_alias" "this" {
      [32m+[0m[0m arn            = (known after apply)
      [32m+[0m[0m id             = (known after apply)
      [32m+[0m[0m name           = "alias/eks/infraforge-dev"
      [32m+[0m[0m name_prefix    = (known after apply)
      [32m+[0m[0m target_key_arn = (known after apply)
      [32m+[0m[0m target_key_id  = (known after apply)
    }

[1m  # module.eks.module.kms.aws_kms_key.this[0][0m will be created
[0m  [32m+[0m[0m resource "aws_kms_key" "this" {
      [32m+[0m[0m arn                                = (known after apply)
      [32m+[0m[0m bypass_policy_lockout_safety_check = false
      [32m+[0m[0m customer_master_key_spec           = "SYMMETRIC_DEFAULT"
      [32m+[0m[0m description                        = "infraforge-dev cluster encryption key"
      [32m+[0m[0m enable_key_rotation                = true
      [32m+[0m[0m id                                 = (known after apply)
      [32m+[0m[0m is_enabled                         = true
      [32m+[0m[0m key_id                             = (known after apply)
      [32m+[0m[0m key_usage                          = "ENCRYPT_DECRYPT"
      [32m+[0m[0m multi_region                       = false
      [32m+[0m[0m policy                             = (known after apply)
      [32m+[0m[0m rotation_period_in_days            = (known after apply)
      [32m+[0m[0m tags                               = {
          [32m+[0m[0m "Cluster"     = "infraforge-dev"
          [32m+[0m[0m "Environment" = "dev"
          [32m+[0m[0m "Tenant"      = "platform"
        }
      [32m+[0m[0m tags_all                           = {
          [32m+[0m[0m "Cluster"     = "infraforge-dev"
          [32m+[0m[0m "Environment" = "dev"
          [32m+[0m[0m "ManagedBy"   = "OpenTofu"
          [32m+[0m[0m "Owner"       = "gokhan@infraforge.io"
          [32m+[0m[0m "Platform"    = "InfraForge"
          [32m+[0m[0m "Tenant"      = "platform"
        }
    }

[1m  # module.eks.module.eks_managed_node_group["general"].module.user_data.data.cloudinit_config.linux_eks_managed_node_group[0][0m will be read during apply
  # (depends on a resource or a module with changes pending)
[0m [36m<=[0m[0m data "cloudinit_config" "linux_eks_managed_node_group" {
      [32m+[0m[0m base64_encode = true
      [32m+[0m[0m boundary      = "//"
      [32m+[0m[0m gzip          = false
      [32m+[0m[0m id            = (known after apply)
      [32m+[0m[0m rendered      = (known after apply)

      [32m+[0m[0m part {
          [32m+[0m[0m content      = <<-EOT
                #!/bin/bash
                # Optimize EBS performance
                echo "vm.dirty_ratio = 5" >> /etc/sysctl.conf
                echo "vm.dirty_background_ratio = 1" >> /etc/sysctl.conf
                sysctl -p
            EOT
          [32m+[0m[0m content_type = "text/x-shellscript"
        }
    }

[1mPlan:[0m 39 to add, 0 to change, 0 to destroy.
[0m
Changes to Outputs:
  [32m+[0m[0m cluster_endpoint          = (known after apply)
  [32m+[0m[0m cluster_security_group_id = (known after apply)
[33m╷[0m[0m
[33m│[0m [0m[1m[33mWarning: [0m[0m[1mValue for undeclared variable[0m
[33m│[0m [0m
[33m│[0m [0m[0mThe root module does not declare a variable named "monitoring_config" but a
[33m│[0m [0mvalue was found in file "terraform.tfvars". If you meant to use this value,
[33m│[0m [0madd a "variable" block to the configuration.
[33m│[0m [0m
[33m│[0m [0mTo silence these warnings, use TF_VAR_... environment variables to provide
[33m│[0m [0mcertain "global" settings to all configurations in your organization. To
[33m│[0m [0mreduce the verbosity of these warnings, use the -compact-warnings option.
[33m╵[0m[0m
[33m╷[0m[0m
[33m│[0m [0m[1m[33mWarning: [0m[0m[1mValue for undeclared variable[0m
[33m│[0m [0m
[33m│[0m [0m[0mThe root module does not declare a variable named "enable_monitoring" but a
[33m│[0m [0mvalue was found in file "terraform.tfvars". If you meant to use this value,
[33m│[0m [0madd a "variable" block to the configuration.
[33m│[0m [0m
[33m│[0m [0mTo silence these warnings, use TF_VAR_... environment variables to provide
[33m│[0m [0mcertain "global" settings to all configurations in your organization. To
[33m│[0m [0mreduce the verbosity of these warnings, use the -compact-warnings option.
[33m╵[0m[0m
[33m╷[0m[0m
[33m│[0m [0m[1m[33mWarning: [0m[0m[1mResource targeting is in effect[0m
[33m│[0m [0m
[33m│[0m [0m[0mYou are creating a plan with either the -target option or the -exclude
[33m│[0m [0moption, which means that the result of this plan may not represent all of
[33m│[0m [0mthe changes requested by the current configuration.
[33m│[0m [0m
[33m│[0m [0mThe -target and -exclude options are not for routine use, and are provided
[33m│[0m [0monly for exceptional situations such as recovering from errors or mistakes,
[33m│[0m [0mor when OpenTofu specifically suggests to use it as part of an error
[33m│[0m [0mmessage.
[33m╵[0m[0m
[33m╷[0m[0m
[33m│[0m [0m[1m[33mWarning: [0m[0m[1mDeprecated attribute[0m
[33m│[0m [0m
[33m│[0m [0m[0m  on backstage.tf line 227, in data "kubernetes_secret" "backstage_sa_token":
[33m│[0m [0m 227:     name      = kubernetes_service_account.backstage[4m.default_secret_name[0m[0m
[33m│[0m [0m
[33m│[0m [0mThe attribute "default_secret_name" is deprecated. Refer to the provider
[33m│[0m [0mdocumentation for details.
[33m╵[0m[0m
[33m╷[0m[0m
[33m│[0m [0m[1m[33mWarning: [0m[0m[1mArgument is deprecated[0m
[33m│[0m [0m
[33m│[0m [0m[0m  with module.eks.aws_iam_role.this[0],
[33m│[0m [0m  on .terraform/modules/eks/main.tf line 293, in resource "aws_iam_role" "this":
[33m│[0m [0m 293: resource "aws_iam_role" "this" [4m{[0m[0m
[33m│[0m [0m
[33m│[0m [0minline_policy is deprecated. Use the aws_iam_role_policy resource instead.
[33m│[0m [0mIf Terraform should exclusively manage all inline policy associations (the
[33m│[0m [0mcurrent behavior of this argument), use the aws_iam_role_policies_exclusive
[33m│[0m [0mresource as well.
[33m╵[0m[0m
[31m╷[0m[0m
[31m│[0m [0m[1m[31mError: [0m[0m[1mInvalid for_each argument[0m
[31m│[0m [0m
[31m│[0m [0m[0m  on .terraform/modules/eks/modules/eks-managed-node-group/main.tf line 434, in resource "aws_iam_role_policy_attachment" "this":
[31m│[0m [0m 434:   for_each = [4m{ for k, v in toset(compact([
[31m│[0m [0m 435:     "${local.iam_role_policy_prefix}/AmazonEKSWorkerNodePolicy",
[31m│[0m [0m 436:     "${local.iam_role_policy_prefix}/AmazonEC2ContainerRegistryReadOnly",
[31m│[0m [0m 437:     var.iam_role_attach_cni_policy ? local.cni_policy : "",
[31m│[0m [0m 438:   ])) : k => v if var.create && var.create_iam_role }[0m[0m
[31m│[0m [0m    [90m├────────────────[0m
[31m│[0m [0m[0m    [90m│[0m [1mlocal.cni_policy[0m is a string, known only after apply
[31m│[0m [0m[0m    [90m│[0m [1mlocal.iam_role_policy_prefix[0m is a string, known only after apply
[31m│[0m [0m[0m    [90m│[0m [1mvar.create[0m is true
[31m│[0m [0m[0m    [90m│[0m [1mvar.create_iam_role[0m is true
[31m│[0m [0m[0m    [90m│[0m [1mvar.iam_role_attach_cni_policy[0m is true
[31m│[0m [0m[0m
[31m│[0m [0mThe "for_each" map includes keys derived from resource attributes that
[31m│[0m [0mcannot be determined until apply, and so OpenTofu cannot determine the full
[31m│[0m [0mset of keys that will identify the instances of this resource.
[31m│[0m [0m
[31m│[0m [0mWhen working with unknown values in for_each, it's better to define the map
[31m│[0m [0mkeys statically in your configuration and place apply-time results only in
[31m│[0m [0mthe map values.
[31m│[0m [0m
[31m│[0m [0mAlternatively, you could use the -target planning option to first apply
[31m│[0m [0monly the resources that the for_each value depends on, and then apply a
[31m│[0m [0msecond time to fully converge.
[31m╵[0m[0m
[31m╷[0m[0m
[31m│[0m [0m[1m[31mError: [0m[0m[1mInvalid for_each argument[0m
[31m│[0m [0m
[31m│[0m [0m[0m  on .terraform/modules/eks/modules/eks-managed-node-group/main.tf line 434, in resource "aws_iam_role_policy_attachment" "this":
[31m│[0m [0m 434:   for_each = [4m{ for k, v in toset(compact([
[31m│[0m [0m 435:     "${local.iam_role_policy_prefix}/AmazonEKSWorkerNodePolicy",
[31m│[0m [0m 436:     "${local.iam_role_policy_prefix}/AmazonEC2ContainerRegistryReadOnly",
[31m│[0m [0m 437:     var.iam_role_attach_cni_policy ? local.cni_policy : "",
[31m│[0m [0m 438:   ])) : k => v if var.create && var.create_iam_role }[0m[0m
[31m│[0m [0m    [90m├────────────────[0m
[31m│[0m [0m[0m    [90m│[0m [1mlocal.cni_policy[0m is a string, known only after apply
[31m│[0m [0m[0m    [90m│[0m [1mlocal.iam_role_policy_prefix[0m is a string, known only after apply
[31m│[0m [0m[0m    [90m│[0m [1mvar.create[0m is true
[31m│[0m [0m[0m    [90m│[0m [1mvar.create_iam_role[0m is true
[31m│[0m [0m[0m    [90m│[0m [1mvar.iam_role_attach_cni_policy[0m is true
[31m│[0m [0m[0m
[31m│[0m [0mThe "for_each" map includes keys derived from resource attributes that
[31m│[0m [0mcannot be determined until apply, and so OpenTofu cannot determine the full
[31m│[0m [0mset of keys that will identify the instances of this resource.
[31m│[0m [0m
[31m│[0m [0mWhen working with unknown values in for_each, it's better to define the map
[31m│[0m [0mkeys statically in your configuration and place apply-time results only in
[31m│[0m [0mthe map values.
[31m│[0m [0m
[31m│[0m [0mAlternatively, you could use the -target planning option to first apply
[31m│[0m [0monly the resources that the for_each value depends on, and then apply a
[31m│[0m [0msecond time to fully converge.
[31m╵[0m[0m
[31m╷[0m[0m
[31m│[0m [0m[1m[31mError: [0m[0m[1mInvalid for_each argument[0m
[31m│[0m [0m
[31m│[0m [0m[0m  on .terraform/modules/eks/modules/fargate-profile/main.tf line 44, in resource "aws_iam_role_policy_attachment" "this":
[31m│[0m [0m  44:   for_each = [4m{ for k, v in toset(compact([
[31m│[0m [0m  45:     "${local.iam_role_policy_prefix}/AmazonEKSFargatePodExecutionRolePolicy",
[31m│[0m [0m  46:     var.iam_role_attach_cni_policy ? local.cni_policy : "",
[31m│[0m [0m  47:   ])) : k => v if var.create && var.create_iam_role }[0m[0m
[31m│[0m [0m    [90m├────────────────[0m
[31m│[0m [0m[0m    [90m│[0m [1mlocal.cni_policy[0m is a string, known only after apply
[31m│[0m [0m[0m    [90m│[0m [1mlocal.iam_role_policy_prefix[0m is a string, known only after apply
[31m│[0m [0m[0m    [90m│[0m [1mvar.create[0m is true
[31m│[0m [0m[0m    [90m│[0m [1mvar.create_iam_role[0m is true
[31m│[0m [0m[0m    [90m│[0m [1mvar.iam_role_attach_cni_policy[0m is true
[31m│[0m [0m[0m
[31m│[0m [0mThe "for_each" map includes keys derived from resource attributes that
[31m│[0m [0mcannot be determined until apply, and so OpenTofu cannot determine the full
[31m│[0m [0mset of keys that will identify the instances of this resource.
[31m│[0m [0m
[31m│[0m [0mWhen working with unknown values in for_each, it's better to define the map
[31m│[0m [0mkeys statically in your configuration and place apply-time results only in
[31m│[0m [0mthe map values.
[31m│[0m [0m
[31m│[0m [0mAlternatively, you could use the -target planning option to first apply
[31m│[0m [0monly the resources that the for_each value depends on, and then apply a
[31m│[0m [0msecond time to fully converge.
[31m╵[0m[0m
