
OpenTofu used the selected providers to generate the following execution
plan. Resource actions are indicated with the following symbols:
  [32m+[0m create[0m

OpenTofu will perform the following actions:

[1m  # aws_kms_alias.eks[0m will be created
[0m  [32m+[0m[0m resource "aws_kms_alias" "eks" {
      [32m+[0m[0m arn            = (known after apply)
      [32m+[0m[0m id             = (known after apply)
      [32m+[0m[0m name           = "alias/infraforge-dev-eks"
      [32m+[0m[0m name_prefix    = (known after apply)
      [32m+[0m[0m target_key_arn = (known after apply)
      [32m+[0m[0m target_key_id  = (known after apply)
    }

[1m  # aws_kms_key.eks[0m will be created
[0m  [32m+[0m[0m resource "aws_kms_key" "eks" {
      [32m+[0m[0m arn                                = (known after apply)
      [32m+[0m[0m bypass_policy_lockout_safety_check = false
      [32m+[0m[0m customer_master_key_spec           = "SYMMETRIC_DEFAULT"
      [32m+[0m[0m deletion_window_in_days            = 10
      [32m+[0m[0m description                        = "KMS key for infraforge-dev EKS cluster encryption"
      [32m+[0m[0m enable_key_rotation                = true
      [32m+[0m[0m id                                 = (known after apply)
      [32m+[0m[0m is_enabled                         = true
      [32m+[0m[0m key_id                             = (known after apply)
      [32m+[0m[0m key_usage                          = "ENCRYPT_DECRYPT"
      [32m+[0m[0m multi_region                       = (known after apply)
      [32m+[0m[0m policy                             = (known after apply)
      [32m+[0m[0m rotation_period_in_days            = (known after apply)
      [32m+[0m[0m tags                               = {
          [32m+[0m[0m "Cluster"     = "infraforge-dev"
          [32m+[0m[0m "Environment" = "dev"
          [32m+[0m[0m "Name"        = "infraforge-dev-eks-key"
          [32m+[0m[0m "Tenant"      = "platform"
        }
      [32m+[0m[0m tags_all                           = {
          [32m+[0m[0m "Cluster"     = "infraforge-dev"
          [32m+[0m[0m "Environment" = "dev"
          [32m+[0m[0m "ManagedBy"   = "OpenTofu"
          [32m+[0m[0m "Name"        = "infraforge-dev-eks-key"
          [32m+[0m[0m "Owner"       = "gokhan@infraforge.io"
          [32m+[0m[0m "Platform"    = "InfraForge"
          [32m+[0m[0m "Tenant"      = "platform"
        }
    }

[1mPlan:[0m 2 to add, 0 to change, 0 to destroy.
[0m[0m[1maws_kms_key.eks: Creating...[0m[0m
[0m[1maws_kms_key.eks: Creation complete after 9s [id=321868cc-6877-42fb-ba76-e00f676cfc5a][0m
[0m[1maws_kms_alias.eks: Creating...[0m[0m
[0m[1maws_kms_alias.eks: Creation complete after 1s [id=alias/infraforge-dev-eks][0m
[33m╷[0m[0m
[33m│[0m [0m[1m[33mWarning: [0m[0m[1mValue for undeclared variable[0m
[33m│[0m [0m
[33m│[0m [0m[0mThe root module does not declare a variable named "monitoring_config" but a
[33m│[0m [0mvalue was found in file "terraform.tfvars". If you meant to use this value,
[33m│[0m [0madd a "variable" block to the configuration.
[33m│[0m [0m
[33m│[0m [0mTo silence these warnings, use TF_VAR_... environment variables to provide
[33m│[0m [0mcertain "global" settings to all configurations in your organization. To
[33m│[0m [0mreduce the verbosity of these warnings, use the -compact-warnings option.
[33m╵[0m[0m
[33m╷[0m[0m
[33m│[0m [0m[1m[33mWarning: [0m[0m[1mValue for undeclared variable[0m
[33m│[0m [0m
[33m│[0m [0m[0mThe root module does not declare a variable named "enable_monitoring" but a
[33m│[0m [0mvalue was found in file "terraform.tfvars". If you meant to use this value,
[33m│[0m [0madd a "variable" block to the configuration.
[33m│[0m [0m
[33m│[0m [0mTo silence these warnings, use TF_VAR_... environment variables to provide
[33m│[0m [0mcertain "global" settings to all configurations in your organization. To
[33m│[0m [0mreduce the verbosity of these warnings, use the -compact-warnings option.
[33m╵[0m[0m
[33m╷[0m[0m
[33m│[0m [0m[1m[33mWarning: [0m[0m[1mResource targeting is in effect[0m
[33m│[0m [0m
[33m│[0m [0m[0mYou are creating a plan with either the -target option or the -exclude
[33m│[0m [0moption, which means that the result of this plan may not represent all of
[33m│[0m [0mthe changes requested by the current configuration.
[33m│[0m [0m
[33m│[0m [0mThe -target and -exclude options are not for routine use, and are provided
[33m│[0m [0monly for exceptional situations such as recovering from errors or mistakes,
[33m│[0m [0mor when OpenTofu specifically suggests to use it as part of an error
[33m│[0m [0mmessage.
[33m╵[0m[0m
[33m╷[0m[0m
[33m│[0m [0m[1m[33mWarning: [0m[0m[1mApplied changes may be incomplete[0m
[33m│[0m [0m
[33m│[0m [0m[0mThe plan was created with the -target or the -exclude option in effect, so
[33m│[0m [0msome changes requested in the configuration may have been ignored and the
[33m│[0m [0moutput values may not be fully updated. Run the following command to verify
[33m│[0m [0mthat no other changes are pending:
[33m│[0m [0m    tofu plan
[33m│[0m [0m	
[33m│[0m [0mNote that the -target and -exclude options are not suitable for routine
[33m│[0m [0muse, and are provided only for exceptional situations such as recovering
[33m│[0m [0mfrom errors or mistakes, or when OpenTofu specifically suggests to use it
[33m│[0m [0mas part of an error message.
[33m╵[0m[0m
[33m╷[0m[0m
[33m│[0m [0m[1m[33mWarning: [0m[0m[1mDeprecated attribute[0m
[33m│[0m [0m
[33m│[0m [0m[0m  on backstage.tf line 227, in data "kubernetes_secret" "backstage_sa_token":
[33m│[0m [0m 227:     name      = kubernetes_service_account.backstage[4m.default_secret_name[0m[0m
[33m│[0m [0m
[33m│[0m [0mThe attribute "default_secret_name" is deprecated. Refer to the provider
[33m│[0m [0mdocumentation for details.
[33m╵[0m[0m
[0m[1m[32m
Apply complete! Resources: 2 added, 0 changed, 0 destroyed.
[0m[0m[1m[32m
Outputs:

[0mprivate_subnets = [
  "subnet-05ca8068a70d84652",
  "subnet-0393bdbb3484ae441",
  "subnet-0336cce74954ce09e",
]
public_subnets = [
  "subnet-089884572cac79d55",
  "subnet-0628ffb902e52bf9f",
  "subnet-06c57e0e36d6ef506",
]
vpc_id = "vpc-000a0bc71bfc8a387"
