[0m[1mdata.aws_availability_zones.available: Reading...[0m[0m
[0m[1mmodule.vpc.aws_vpc.this[0]: Refreshing state... [id=vpc-02aecc65be4eab79c][0m
[0m[1maws_kms_key.eks: Refreshing state... [id=0918b70f-90ec-4bae-a1ad-8b2df8144049][0m
[0m[1mdata.aws_availability_zones.available: Read complete after 3s [id=eu-west-1][0m
[0m[1mmodule.vpc.aws_subnet.private[1]: Refreshing state... [id=subnet-0d2ae9b9e36b78d6a][0m
[0m[1mmodule.vpc.aws_subnet.private[0]: Refreshing state... [id=subnet-0f97716901fab29c8][0m
[0m[1mmodule.vpc.aws_subnet.private[2]: Refreshing state... [id=subnet-0457fc5bd24280050][0m
[0m[1maws_security_group.vpc_endpoints: Refreshing state... [id=sg-0ac17b07ac9ce0535][0m
[0m[1maws_vpc_endpoint.ecr_dkr: Refreshing state... [id=vpce-0cdab1ac89e064304][0m
[0m[1maws_vpc_endpoint.sts: Refreshing state... [id=vpce-0c14afe0059c559bf][0m
[0m[1maws_vpc_endpoint.ec2: Refreshing state... [id=vpce-04c405fd9a31c6570][0m
[0m[1maws_vpc_endpoint.ecr_api: Refreshing state... [id=vpce-0a3f86458a9c396e5][0m
[0m[1mmodule.eks.data.aws_caller_identity.current: Reading...[0m[0m
[0m[1mmodule.eks.data.aws_partition.current: Reading...[0m[0m
[0m[1mmodule.eks.aws_cloudwatch_log_group.this[0]: Refreshing state... [id=/aws/eks/infraforge-dev/cluster][0m
[0m[1mmodule.eks.aws_security_group.cluster[0]: Refreshing state... [id=sg-04590f98e62457e9a][0m
[0m[1mmodule.eks.module.kms.data.aws_caller_identity.current[0]: Reading...[0m[0m
[0m[1mmodule.eks.data.aws_partition.current: Read complete after 0s [id=aws][0m
[0m[1mmodule.eks.module.kms.data.aws_partition.current[0]: Reading...[0m[0m
[0m[1mmodule.eks.module.kms.data.aws_partition.current[0]: Read complete after 0s [id=aws][0m
[0m[1mmodule.eks.aws_security_group.node[0]: Refreshing state... [id=sg-03b17afed4f4e12ed][0m
[0m[1mmodule.eks.module.eks_managed_node_group["system"].data.aws_caller_identity.current: Reading...[0m[0m
[0m[1mmodule.eks.module.eks_managed_node_group["general"].data.aws_caller_identity.current: Reading...[0m[0m
[0m[1mmodule.eks.module.eks_managed_node_group["general"].data.aws_partition.current: Reading...[0m[0m
[0m[1mmodule.eks.module.eks_managed_node_group["system"].data.aws_partition.current: Reading...[0m[0m
[0m[1mmodule.eks.module.eks_managed_node_group["system"].data.aws_partition.current: Read complete after 0s [id=aws][0m
[0m[1mmodule.eks.module.eks_managed_node_group["general"].data.aws_partition.current: Read complete after 0s [id=aws][0m
[0m[1mmodule.eks.module.eks_managed_node_group["system"].data.aws_iam_policy_document.assume_role_policy[0]: Reading...[0m[0m
[0m[1mmodule.eks.data.aws_iam_policy_document.assume_role_policy[0]: Reading...[0m[0m
[0m[1mmodule.eks.module.eks_managed_node_group["general"].data.aws_iam_policy_document.assume_role_policy[0]: Reading...[0m[0m
[0m[1mmodule.eks.module.eks_managed_node_group["general"].data.aws_iam_policy_document.assume_role_policy[0]: Read complete after 0s [id=2560088296][0m
[0m[1mmodule.eks.module.eks_managed_node_group["system"].data.aws_iam_policy_document.assume_role_policy[0]: Read complete after 0s [id=2560088296][0m
[0m[1mmodule.eks.data.aws_iam_policy_document.assume_role_policy[0]: Read complete after 0s [id=2764486067][0m
[0m[1mmodule.eks.module.eks_managed_node_group["system"].aws_iam_role.this[0]: Refreshing state... [id=infraforge-dev-system-eks-node-group-20251217170752624100000008][0m
[0m[1mmodule.eks.module.eks_managed_node_group["general"].module.user_data.data.cloudinit_config.linux_eks_managed_node_group[0]: Reading...[0m[0m
[0m[1mmodule.eks.module.eks_managed_node_group["general"].aws_iam_role.this[0]: Refreshing state... [id=infraforge-dev-general-eks-node-group-20251217170752624000000007][0m
[0m[1mmodule.eks.module.eks_managed_node_group["general"].module.user_data.data.cloudinit_config.linux_eks_managed_node_group[0]: Read complete after 0s [id=302967155][0m
[0m[1mmodule.eks.aws_iam_role.this[0]: Refreshing state... [id=infraforge-dev-cluster-20251217170752618600000003][0m
[0m[1mmodule.eks.data.aws_caller_identity.current: Read complete after 0s [id=715841344657][0m
[0m[1mmodule.eks.data.aws_iam_session_context.current: Reading...[0m[0m
[0m[1mmodule.eks.data.aws_iam_session_context.current: Read complete after 0s [id=arn:aws:iam::715841344657:user/gokhan][0m
[0m[1mmodule.eks.module.kms.data.aws_caller_identity.current[0]: Read complete after 0s [id=715841344657][0m
[0m[1mmodule.eks.aws_security_group_rule.cluster["ingress_nodes_443"]: Refreshing state... [id=sgrule-2698008309][0m
[0m[1mmodule.eks.aws_security_group_rule.node["ingress_nodes_ephemeral"]: Refreshing state... [id=sgrule-1484434223][0m
[0m[1mmodule.eks.aws_security_group_rule.node["ingress_cluster_9443_webhook"]: Refreshing state... [id=sgrule-947048403][0m
[0m[1mmodule.eks.aws_security_group_rule.node["ingress_cluster_6443_webhook"]: Refreshing state... [id=sgrule-1334820921][0m
[0m[1mmodule.eks.module.eks_managed_node_group["system"].data.aws_caller_identity.current: Read complete after 1s [id=715841344657][0m
[0m[1mmodule.eks.aws_security_group_rule.node["ingress_self_coredns_udp"]: Refreshing state... [id=sgrule-158897299][0m
[0m[1mmodule.eks.module.eks_managed_node_group["general"].data.aws_caller_identity.current: Read complete after 1s [id=715841344657][0m
[0m[1mmodule.eks.aws_security_group_rule.node["ingress_cluster_4443_webhook"]: Refreshing state... [id=sgrule-2261624751][0m
[0m[1mmodule.eks.aws_security_group_rule.node["egress_all"]: Refreshing state... [id=sgrule-1296582488][0m
[0m[1mmodule.eks.aws_security_group_rule.node["ingress_cluster_kubelet"]: Refreshing state... [id=sgrule-1024160259][0m
[0m[1mmodule.eks.aws_security_group_rule.node["ingress_cluster_8443_webhook"]: Refreshing state... [id=sgrule-1557396504][0m
[0m[1mmodule.eks.aws_security_group_rule.node["ingress_self_coredns_tcp"]: Refreshing state... [id=sgrule-2905028476][0m
[0m[1mmodule.eks.aws_security_group_rule.node["ingress_cluster_443"]: Refreshing state... [id=sgrule-2383273807][0m
[0m[1mmodule.eks.module.eks_managed_node_group["system"].aws_iam_role_policy_attachment.this["arn:aws:iam::aws:policy/AmazonEKSWorkerNodePolicy"]: Refreshing state... [id=infraforge-dev-system-eks-node-group-20251217170752624100000008-2025121717075416890000000b][0m
[0m[1mmodule.eks.module.eks_managed_node_group["general"].aws_iam_role_policy_attachment.this["arn:aws:iam::aws:policy/AmazonEC2ContainerRegistryReadOnly"]: Refreshing state... [id=infraforge-dev-general-eks-node-group-20251217170752624000000007-2025121717075431440000000e][0m
[0m[1mmodule.eks.module.eks_managed_node_group["system"].aws_iam_role_policy_attachment.this["arn:aws:iam::aws:policy/AmazonEKS_CNI_Policy"]: Refreshing state... [id=infraforge-dev-system-eks-node-group-20251217170752624100000008-2025121717075417210000000c][0m
[0m[1mmodule.eks.module.eks_managed_node_group["general"].aws_iam_role_policy_attachment.this["arn:aws:iam::aws:policy/AmazonEKS_CNI_Policy"]: Refreshing state... [id=infraforge-dev-general-eks-node-group-20251217170752624000000007-20251217170754585000000010][0m
[0m[1mmodule.eks.module.eks_managed_node_group["general"].aws_iam_role_policy_attachment.this["arn:aws:iam::aws:policy/AmazonEKSWorkerNodePolicy"]: Refreshing state... [id=infraforge-dev-general-eks-node-group-20251217170752624000000007-2025121717075432760000000f][0m
[0m[1mmodule.eks.module.eks_managed_node_group["system"].aws_iam_role_policy_attachment.this["arn:aws:iam::aws:policy/AmazonEC2ContainerRegistryReadOnly"]: Refreshing state... [id=infraforge-dev-system-eks-node-group-20251217170752624100000008-2025121717075421260000000d][0m
[0m[1mmodule.eks.aws_iam_role_policy_attachment.this["AmazonEKSVPCResourceController"]: Refreshing state... [id=infraforge-dev-cluster-20251217170752618600000003-20251217170754671500000011][0m
[0m[1mmodule.eks.aws_iam_role_policy_attachment.this["AmazonEKSClusterPolicy"]: Refreshing state... [id=infraforge-dev-cluster-20251217170752618600000003-20251217170754695600000012][0m
[0m[1mmodule.eks.module.kms.data.aws_iam_policy_document.this[0]: Reading...[0m[0m
[0m[1mmodule.eks.module.kms.data.aws_iam_policy_document.this[0]: Read complete after 0s [id=2339894789][0m
[0m[1mmodule.eks.module.kms.aws_kms_key.this[0]: Refreshing state... [id=cefb2c2d-7827-48b1-9381-d6581ea7b1f2][0m

[0m[1m[31mPlanning failed.[0m[1m Terraform encountered an error while generating this plan.[0m

[0m[33m╷[0m[0m
[33m│[0m [0m[1m[33mWarning: [0m[0m[1mValue for undeclared variable[0m
[33m│[0m [0m
[33m│[0m [0m[0mThe root module does not declare a variable named "enable_monitoring" but a
[33m│[0m [0mvalue was found in file "terraform.tfvars". If you meant to use this value,
[33m│[0m [0madd a "variable" block to the configuration.
[33m│[0m [0m
[33m│[0m [0mTo silence these warnings, use TF_VAR_... environment variables to provide
[33m│[0m [0mcertain "global" settings to all configurations in your organization. To
[33m│[0m [0mreduce the verbosity of these warnings, use the -compact-warnings option.
[33m╵[0m[0m
[33m╷[0m[0m
[33m│[0m [0m[1m[33mWarning: [0m[0m[1mValue for undeclared variable[0m
[33m│[0m [0m
[33m│[0m [0m[0mThe root module does not declare a variable named "monitoring_config" but a
[33m│[0m [0mvalue was found in file "terraform.tfvars". If you meant to use this value,
[33m│[0m [0madd a "variable" block to the configuration.
[33m│[0m [0m
[33m│[0m [0mTo silence these warnings, use TF_VAR_... environment variables to provide
[33m│[0m [0mcertain "global" settings to all configurations in your organization. To
[33m│[0m [0mreduce the verbosity of these warnings, use the -compact-warnings option.
[33m╵[0m[0m
[33m╷[0m[0m
[33m│[0m [0m[1m[33mWarning: [0m[0m[1mResource targeting is in effect[0m
[33m│[0m [0m
[33m│[0m [0m[0mYou are creating a plan with the -target option, which means that the
[33m│[0m [0mresult of this plan may not represent all of the changes requested by the
[33m│[0m [0mcurrent configuration.
[33m│[0m [0m
[33m│[0m [0mThe -target option is not for routine use, and is provided only for
[33m│[0m [0mexceptional situations such as recovering from errors or mistakes, or when
[33m│[0m [0mTerraform specifically suggests to use it as part of an error message.
[33m╵[0m[0m
[33m╷[0m[0m
[33m│[0m [0m[1m[33mWarning: [0m[0m[1mArgument is deprecated[0m
[33m│[0m [0m
[33m│[0m [0m[0m  with module.eks.aws_iam_role.this[0],
[33m│[0m [0m  on .terraform/modules/eks/main.tf line 293, in resource "aws_iam_role" "this":
[33m│[0m [0m 293: resource "aws_iam_role" "this" [4m{[0m[0m
[33m│[0m [0m
[33m│[0m [0minline_policy is deprecated. Use the aws_iam_role_policy resource instead.
[33m│[0m [0mIf Terraform should exclusively manage all inline policy associations (the
[33m│[0m [0mcurrent behavior of this argument), use the aws_iam_role_policies_exclusive
[33m│[0m [0mresource as well.
[33m╵[0m[0m
[31m╷[0m[0m
[31m│[0m [0m[1m[31mError: [0m[0m[1mreading CloudWatch Logs Log Group (/aws/eks/infraforge-dev/cluster): operation error CloudWatch Logs: DescribeLogGroups, https response error StatusCode: 0, RequestID: , request send failed, Post "https://logs.eu-west-1.amazonaws.com/": dial tcp: lookup logs.eu-west-1.amazonaws.com: no such host[0m
[31m│[0m [0m
[31m│[0m [0m[0m  with module.eks.aws_cloudwatch_log_group.this[0],
[31m│[0m [0m  on .terraform/modules/eks/main.tf line 106, in resource "aws_cloudwatch_log_group" "this":
[31m│[0m [0m 106: resource "aws_cloudwatch_log_group" "this" [4m{[0m[0m
[31m│[0m [0m
[31m╵[0m[0m
